2015-04-07 13:46:18 [INFO] - [初始化] 配置文件加载完成 {com.glacier.spider.crawler.Crawler.<init>(Crawler.java:30)}
2015-04-07 13:46:26 [ERROR] - java.lang.NullPointerException
	at com.glacier.spider.crawler.downloader.Downloader.document(Downloader.java:69)
	at main.stroy.start(stroy.java:38)
	at main.stroy.main(stroy.java:27)
	at sun.reflect.NativeMethodAccessorImpl.invoke0(Native Method)
	at sun.reflect.NativeMethodAccessorImpl.invoke(NativeMethodAccessorImpl.java:57)
	at sun.reflect.DelegatingMethodAccessorImpl.invoke(DelegatingMethodAccessorImpl.java:43)
	at java.lang.reflect.Method.invoke(Method.java:606)
	at com.intellij.rt.execution.application.AppMain.main(AppMain.java:134)
 {com.glacier.spider.crawler.downloader.Downloader.document(Downloader.java:100)}
2015-04-07 13:51:05 [ERROR] - java.lang.NullPointerException
	at com.glacier.spider.crawler.downloader.Downloader.document(Downloader.java:115)
	at main.stroy.start(stroy.java:39)
	at main.stroy.main(stroy.java:28)
	at sun.reflect.NativeMethodAccessorImpl.invoke0(Native Method)
	at sun.reflect.NativeMethodAccessorImpl.invoke(NativeMethodAccessorImpl.java:57)
	at sun.reflect.DelegatingMethodAccessorImpl.invoke(DelegatingMethodAccessorImpl.java:43)
	at java.lang.reflect.Method.invoke(Method.java:606)
	at com.intellij.rt.execution.application.AppMain.main(AppMain.java:134)
 {com.glacier.spider.crawler.downloader.Downloader.document(Downloader.java:120)}
2015-04-07 13:51:26 [ERROR] - java.lang.NullPointerException
	at com.glacier.spider.crawler.downloader.Downloader.document(Downloader.java:115)
	at main.stroy.start(stroy.java:39)
	at main.stroy.main(stroy.java:28)
	at sun.reflect.NativeMethodAccessorImpl.invoke0(Native Method)
	at sun.reflect.NativeMethodAccessorImpl.invoke(NativeMethodAccessorImpl.java:57)
	at sun.reflect.DelegatingMethodAccessorImpl.invoke(DelegatingMethodAccessorImpl.java:43)
	at java.lang.reflect.Method.invoke(Method.java:606)
	at com.intellij.rt.execution.application.AppMain.main(AppMain.java:134)
 {com.glacier.spider.crawler.downloader.Downloader.document(Downloader.java:120)}
2015-04-07 13:52:56 [ERROR] - org.apache.http.conn.HttpHostConnectException: Connection to http://lewin.aliapp.com refused
	at org.apache.http.impl.conn.DefaultClientConnectionOperator.openConnection(DefaultClientConnectionOperator.java:158)
	at org.apache.http.impl.conn.AbstractPoolEntry.open(AbstractPoolEntry.java:149)
	at org.apache.http.impl.conn.AbstractPooledConnAdapter.open(AbstractPooledConnAdapter.java:121)
	at org.apache.http.impl.client.DefaultRequestDirector.tryConnect(DefaultRequestDirector.java:573)
	at org.apache.http.impl.client.DefaultRequestDirector.execute(DefaultRequestDirector.java:425)
	at org.apache.http.impl.client.AbstractHttpClient.execute(AbstractHttpClient.java:820)
	at org.apache.http.impl.client.AbstractHttpClient.execute(AbstractHttpClient.java:754)
	at org.apache.http.impl.client.AbstractHttpClient.execute(AbstractHttpClient.java:732)
	at com.glacier.spider.crawler.downloader.Downloader.document(Downloader.java:70)
	at main.stroy.start(stroy.java:41)
	at main.stroy.main(stroy.java:30)
	at sun.reflect.NativeMethodAccessorImpl.invoke0(Native Method)
	at sun.reflect.NativeMethodAccessorImpl.invoke(NativeMethodAccessorImpl.java:57)
	at sun.reflect.DelegatingMethodAccessorImpl.invoke(DelegatingMethodAccessorImpl.java:43)
	at java.lang.reflect.Method.invoke(Method.java:606)
	at com.intellij.rt.execution.application.AppMain.main(AppMain.java:134)
Caused by: java.net.ConnectException: 拒绝连接
	at java.net.PlainSocketImpl.socketConnect(Native Method)
	at java.net.AbstractPlainSocketImpl.doConnect(AbstractPlainSocketImpl.java:339)
	at java.net.AbstractPlainSocketImpl.connectToAddress(AbstractPlainSocketImpl.java:200)
	at java.net.AbstractPlainSocketImpl.connect(AbstractPlainSocketImpl.java:182)
	at java.net.SocksSocketImpl.connect(SocksSocketImpl.java:392)
	at java.net.Socket.connect(Socket.java:579)
	at org.apache.http.conn.scheme.PlainSocketFactory.connectSocket(PlainSocketFactory.java:123)
	at org.apache.http.impl.conn.DefaultClientConnectionOperator.openConnection(DefaultClientConnectionOperator.java:148)
	... 15 more
 {com.glacier.spider.crawler.downloader.Downloader.document(Downloader.java:101)}
2015-04-07 13:54:02 [ERROR] - org.apache.http.conn.HttpHostConnectException: Connection to http://1.85.2.253:8001 refused
	at org.apache.http.impl.conn.DefaultClientConnectionOperator.openConnection(DefaultClientConnectionOperator.java:158)
	at org.apache.http.impl.conn.AbstractPoolEntry.open(AbstractPoolEntry.java:149)
	at org.apache.http.impl.conn.AbstractPooledConnAdapter.open(AbstractPooledConnAdapter.java:121)
	at org.apache.http.impl.client.DefaultRequestDirector.tryConnect(DefaultRequestDirector.java:573)
	at org.apache.http.impl.client.DefaultRequestDirector.execute(DefaultRequestDirector.java:425)
	at org.apache.http.impl.client.AbstractHttpClient.execute(AbstractHttpClient.java:820)
	at org.apache.http.impl.client.AbstractHttpClient.execute(AbstractHttpClient.java:754)
	at org.apache.http.impl.client.AbstractHttpClient.execute(AbstractHttpClient.java:732)
	at com.glacier.spider.crawler.downloader.Downloader.document(Downloader.java:70)
	at com.glacier.spider.crawler.downloader.Downloader.document(Downloader.java:116)
	at main.stroy.start(stroy.java:41)
	at main.stroy.main(stroy.java:30)
	at sun.reflect.NativeMethodAccessorImpl.invoke0(Native Method)
	at sun.reflect.NativeMethodAccessorImpl.invoke(NativeMethodAccessorImpl.java:57)
	at sun.reflect.DelegatingMethodAccessorImpl.invoke(DelegatingMethodAccessorImpl.java:43)
	at java.lang.reflect.Method.invoke(Method.java:606)
	at com.intellij.rt.execution.application.AppMain.main(AppMain.java:134)
Caused by: java.net.ConnectException: 拒绝连接
	at java.net.PlainSocketImpl.socketConnect(Native Method)
	at java.net.AbstractPlainSocketImpl.doConnect(AbstractPlainSocketImpl.java:339)
	at java.net.AbstractPlainSocketImpl.connectToAddress(AbstractPlainSocketImpl.java:200)
	at java.net.AbstractPlainSocketImpl.connect(AbstractPlainSocketImpl.java:182)
	at java.net.SocksSocketImpl.connect(SocksSocketImpl.java:392)
	at java.net.Socket.connect(Socket.java:579)
	at org.apache.http.conn.scheme.PlainSocketFactory.connectSocket(PlainSocketFactory.java:123)
	at org.apache.http.impl.conn.DefaultClientConnectionOperator.openConnection(DefaultClientConnectionOperator.java:148)
	... 16 more
 {com.glacier.spider.crawler.downloader.Downloader.document(Downloader.java:101)}
2015-04-07 14:00:29 [INFO] - I/O exception (java.net.SocketException) caught when processing request: Connection reset {org.apache.http.impl.client.DefaultRequestDirector.tryExecute(DefaultRequestDirector.java:656)}
2015-04-07 14:00:29 [INFO] - Retrying request {org.apache.http.impl.client.DefaultRequestDirector.tryExecute(DefaultRequestDirector.java:663)}
2015-04-07 14:01:23 [INFO] - I/O exception (java.net.SocketException) caught when processing request: Connection reset {org.apache.http.impl.client.DefaultRequestDirector.tryExecute(DefaultRequestDirector.java:656)}
2015-04-07 14:01:23 [INFO] - Retrying request {org.apache.http.impl.client.DefaultRequestDirector.tryExecute(DefaultRequestDirector.java:663)}
2015-04-07 14:01:23 [INFO] - I/O exception (org.apache.http.NoHttpResponseException) caught when processing request: The target server failed to respond {org.apache.http.impl.client.DefaultRequestDirector.tryExecute(DefaultRequestDirector.java:656)}
2015-04-07 14:01:23 [INFO] - Retrying request {org.apache.http.impl.client.DefaultRequestDirector.tryExecute(DefaultRequestDirector.java:663)}
2015-04-07 14:01:23 [INFO] - I/O exception (org.apache.http.NoHttpResponseException) caught when processing request: The target server failed to respond {org.apache.http.impl.client.DefaultRequestDirector.tryExecute(DefaultRequestDirector.java:656)}
2015-04-07 14:01:23 [INFO] - Retrying request {org.apache.http.impl.client.DefaultRequestDirector.tryExecute(DefaultRequestDirector.java:663)}
2015-04-07 14:01:35 [INFO] - I/O exception (java.net.SocketException) caught when processing request: Connection reset {org.apache.http.impl.client.DefaultRequestDirector.tryExecute(DefaultRequestDirector.java:656)}
2015-04-07 14:01:35 [INFO] - Retrying request {org.apache.http.impl.client.DefaultRequestDirector.tryExecute(DefaultRequestDirector.java:663)}
2015-04-07 14:01:36 [INFO] - I/O exception (org.apache.http.NoHttpResponseException) caught when processing request: The target server failed to respond {org.apache.http.impl.client.DefaultRequestDirector.tryExecute(DefaultRequestDirector.java:656)}
2015-04-07 14:01:36 [INFO] - Retrying request {org.apache.http.impl.client.DefaultRequestDirector.tryExecute(DefaultRequestDirector.java:663)}
2015-04-07 14:01:37 [INFO] - I/O exception (java.net.SocketException) caught when processing request: Connection reset {org.apache.http.impl.client.DefaultRequestDirector.tryExecute(DefaultRequestDirector.java:656)}
2015-04-07 14:01:37 [INFO] - Retrying request {org.apache.http.impl.client.DefaultRequestDirector.tryExecute(DefaultRequestDirector.java:663)}
2015-04-07 14:01:37 [INFO] - I/O exception (java.net.SocketException) caught when processing request: Connection reset {org.apache.http.impl.client.DefaultRequestDirector.tryExecute(DefaultRequestDirector.java:656)}
2015-04-07 14:01:37 [INFO] - Retrying request {org.apache.http.impl.client.DefaultRequestDirector.tryExecute(DefaultRequestDirector.java:663)}
2015-04-07 14:01:37 [INFO] - I/O exception (org.apache.http.NoHttpResponseException) caught when processing request: The target server failed to respond {org.apache.http.impl.client.DefaultRequestDirector.tryExecute(DefaultRequestDirector.java:656)}
2015-04-07 14:01:37 [INFO] - Retrying request {org.apache.http.impl.client.DefaultRequestDirector.tryExecute(DefaultRequestDirector.java:663)}
2015-04-07 14:01:38 [INFO] - I/O exception (java.net.SocketException) caught when processing request: Connection reset {org.apache.http.impl.client.DefaultRequestDirector.tryExecute(DefaultRequestDirector.java:656)}
2015-04-07 14:01:38 [INFO] - Retrying request {org.apache.http.impl.client.DefaultRequestDirector.tryExecute(DefaultRequestDirector.java:663)}
2015-04-07 14:01:39 [INFO] - I/O exception (org.apache.http.NoHttpResponseException) caught when processing request: The target server failed to respond {org.apache.http.impl.client.DefaultRequestDirector.tryExecute(DefaultRequestDirector.java:656)}
2015-04-07 14:01:39 [INFO] - Retrying request {org.apache.http.impl.client.DefaultRequestDirector.tryExecute(DefaultRequestDirector.java:663)}
2015-04-07 14:01:40 [INFO] - I/O exception (java.net.SocketException) caught when processing request: Connection reset {org.apache.http.impl.client.DefaultRequestDirector.tryExecute(DefaultRequestDirector.java:656)}
2015-04-07 14:01:40 [INFO] - Retrying request {org.apache.http.impl.client.DefaultRequestDirector.tryExecute(DefaultRequestDirector.java:663)}
2015-04-07 14:01:40 [INFO] - I/O exception (org.apache.http.NoHttpResponseException) caught when processing request: The target server failed to respond {org.apache.http.impl.client.DefaultRequestDirector.tryExecute(DefaultRequestDirector.java:656)}
2015-04-07 14:01:40 [INFO] - Retrying request {org.apache.http.impl.client.DefaultRequestDirector.tryExecute(DefaultRequestDirector.java:663)}
2015-04-07 14:01:43 [INFO] - I/O exception (java.net.SocketException) caught when processing request: Connection reset {org.apache.http.impl.client.DefaultRequestDirector.tryExecute(DefaultRequestDirector.java:656)}
2015-04-07 14:01:43 [INFO] - Retrying request {org.apache.http.impl.client.DefaultRequestDirector.tryExecute(DefaultRequestDirector.java:663)}
2015-04-07 14:01:44 [INFO] - I/O exception (org.apache.http.NoHttpResponseException) caught when processing request: The target server failed to respond {org.apache.http.impl.client.DefaultRequestDirector.tryExecute(DefaultRequestDirector.java:656)}
2015-04-07 14:01:44 [INFO] - Retrying request {org.apache.http.impl.client.DefaultRequestDirector.tryExecute(DefaultRequestDirector.java:663)}
2015-04-07 14:01:44 [INFO] - I/O exception (org.apache.http.NoHttpResponseException) caught when processing request: The target server failed to respond {org.apache.http.impl.client.DefaultRequestDirector.tryExecute(DefaultRequestDirector.java:656)}
2015-04-07 14:01:44 [INFO] - Retrying request {org.apache.http.impl.client.DefaultRequestDirector.tryExecute(DefaultRequestDirector.java:663)}
2015-04-07 14:01:47 [INFO] - I/O exception (java.net.SocketException) caught when processing request: Connection reset {org.apache.http.impl.client.DefaultRequestDirector.tryExecute(DefaultRequestDirector.java:656)}
2015-04-07 14:01:47 [INFO] - Retrying request {org.apache.http.impl.client.DefaultRequestDirector.tryExecute(DefaultRequestDirector.java:663)}
2015-04-07 14:01:47 [INFO] - I/O exception (org.apache.http.NoHttpResponseException) caught when processing request: The target server failed to respond {org.apache.http.impl.client.DefaultRequestDirector.tryExecute(DefaultRequestDirector.java:656)}
2015-04-07 14:01:47 [INFO] - Retrying request {org.apache.http.impl.client.DefaultRequestDirector.tryExecute(DefaultRequestDirector.java:663)}
2015-04-07 14:01:47 [INFO] - I/O exception (org.apache.http.NoHttpResponseException) caught when processing request: The target server failed to respond {org.apache.http.impl.client.DefaultRequestDirector.tryExecute(DefaultRequestDirector.java:656)}
2015-04-07 14:01:47 [INFO] - Retrying request {org.apache.http.impl.client.DefaultRequestDirector.tryExecute(DefaultRequestDirector.java:663)}
2015-04-07 14:01:48 [INFO] - I/O exception (org.apache.http.NoHttpResponseException) caught when processing request: The target server failed to respond {org.apache.http.impl.client.DefaultRequestDirector.tryExecute(DefaultRequestDirector.java:656)}
2015-04-07 14:01:48 [INFO] - Retrying request {org.apache.http.impl.client.DefaultRequestDirector.tryExecute(DefaultRequestDirector.java:663)}
2015-04-07 14:01:48 [INFO] - I/O exception (org.apache.http.NoHttpResponseException) caught when processing request: The target server failed to respond {org.apache.http.impl.client.DefaultRequestDirector.tryExecute(DefaultRequestDirector.java:656)}
2015-04-07 14:01:48 [INFO] - Retrying request {org.apache.http.impl.client.DefaultRequestDirector.tryExecute(DefaultRequestDirector.java:663)}
2015-04-07 14:01:48 [INFO] - I/O exception (org.apache.http.NoHttpResponseException) caught when processing request: The target server failed to respond {org.apache.http.impl.client.DefaultRequestDirector.tryExecute(DefaultRequestDirector.java:656)}
2015-04-07 14:01:48 [INFO] - Retrying request {org.apache.http.impl.client.DefaultRequestDirector.tryExecute(DefaultRequestDirector.java:663)}
2015-04-07 14:01:48 [INFO] - I/O exception (org.apache.http.NoHttpResponseException) caught when processing request: The target server failed to respond {org.apache.http.impl.client.DefaultRequestDirector.tryExecute(DefaultRequestDirector.java:656)}
2015-04-07 14:01:48 [INFO] - Retrying request {org.apache.http.impl.client.DefaultRequestDirector.tryExecute(DefaultRequestDirector.java:663)}
2015-04-07 14:01:49 [INFO] - I/O exception (java.net.SocketException) caught when processing request: Connection reset {org.apache.http.impl.client.DefaultRequestDirector.tryExecute(DefaultRequestDirector.java:656)}
2015-04-07 14:01:49 [INFO] - Retrying request {org.apache.http.impl.client.DefaultRequestDirector.tryExecute(DefaultRequestDirector.java:663)}
2015-04-07 14:01:49 [INFO] - I/O exception (org.apache.http.NoHttpResponseException) caught when processing request: The target server failed to respond {org.apache.http.impl.client.DefaultRequestDirector.tryExecute(DefaultRequestDirector.java:656)}
2015-04-07 14:01:49 [INFO] - Retrying request {org.apache.http.impl.client.DefaultRequestDirector.tryExecute(DefaultRequestDirector.java:663)}
2015-04-07 14:01:50 [INFO] - I/O exception (java.net.SocketException) caught when processing request: Connection reset {org.apache.http.impl.client.DefaultRequestDirector.tryExecute(DefaultRequestDirector.java:656)}
2015-04-07 14:01:50 [INFO] - Retrying request {org.apache.http.impl.client.DefaultRequestDirector.tryExecute(DefaultRequestDirector.java:663)}
2015-04-07 14:01:50 [INFO] - I/O exception (java.net.SocketException) caught when processing request: Connection reset {org.apache.http.impl.client.DefaultRequestDirector.tryExecute(DefaultRequestDirector.java:656)}
2015-04-07 14:01:50 [INFO] - Retrying request {org.apache.http.impl.client.DefaultRequestDirector.tryExecute(DefaultRequestDirector.java:663)}
2015-04-07 14:01:52 [INFO] - I/O exception (java.net.SocketException) caught when processing request: Connection reset {org.apache.http.impl.client.DefaultRequestDirector.tryExecute(DefaultRequestDirector.java:656)}
2015-04-07 14:01:52 [INFO] - Retrying request {org.apache.http.impl.client.DefaultRequestDirector.tryExecute(DefaultRequestDirector.java:663)}
