2015-03-29 19:41:59 [INFO] - [Login] '2726492626@qq.com' 正在登陆... {com.glacier.spider.login.LoginCN.login(LoginCN.java:54)}
2015-03-29 19:42:01 [INFO] - [login] '2726492626@qq.com' 登陆成功! {com.glacier.spider.login.LoginCN.login(LoginCN.java:99)}
2015-03-29 19:42:02 [INFO] - [解析] 正在获取搜索结果微博... {com.glacier.spider.crawler.pageprocessor.SearchPageProcessor.get_search_list(SearchPageProcessor.java:91)}
2015-03-29 19:42:02 [INFO] - [解析] 正在获取第 1 页 / 100 页 {com.glacier.spider.crawler.pageprocessor.SearchPageProcessor.get_search_list(SearchPageProcessor.java:103)}
2015-03-29 19:42:02 [INFO] - [解析] 当前页解析得到 10 条微博 {com.glacier.spider.crawler.pageprocessor.SearchPageProcessor.get_search_list(SearchPageProcessor.java:105)}
2015-03-29 19:42:03 [INFO] - [解析] 正在获取第 2 页 / 100 页 {com.glacier.spider.crawler.pageprocessor.SearchPageProcessor.get_search_list(SearchPageProcessor.java:103)}
2015-03-29 19:42:03 [INFO] - [解析] 当前页解析得到 10 条微博 {com.glacier.spider.crawler.pageprocessor.SearchPageProcessor.get_search_list(SearchPageProcessor.java:105)}
2015-03-29 19:42:04 [INFO] - [解析] 正在获取第 3 页 / 100 页 {com.glacier.spider.crawler.pageprocessor.SearchPageProcessor.get_search_list(SearchPageProcessor.java:103)}
2015-03-29 19:42:04 [INFO] - [解析] 当前页解析得到 10 条微博 {com.glacier.spider.crawler.pageprocessor.SearchPageProcessor.get_search_list(SearchPageProcessor.java:105)}
2015-03-29 19:42:04 [INFO] - [解析] 正在获取第 4 页 / 100 页 {com.glacier.spider.crawler.pageprocessor.SearchPageProcessor.get_search_list(SearchPageProcessor.java:103)}
2015-03-29 19:42:04 [INFO] - [解析] 当前页解析得到 10 条微博 {com.glacier.spider.crawler.pageprocessor.SearchPageProcessor.get_search_list(SearchPageProcessor.java:105)}
2015-03-29 19:48:21 [INFO] - [Login] '1825682313@qq.com' 正在登陆... {com.glacier.spider.login.LoginCN.login(LoginCN.java:54)}
2015-03-29 19:48:23 [INFO] - [login] '1825682313@qq.com' 登陆成功! {com.glacier.spider.login.LoginCN.login(LoginCN.java:99)}
2015-03-29 19:48:23 [INFO] - [解析] 正在获取搜索结果微博... {com.glacier.spider.crawler.pageprocessor.SearchPageProcessor.get_search_list(SearchPageProcessor.java:71)}
2015-03-29 19:48:23 [INFO] - [解析] 正在获取第 1 页 / 100 页 {com.glacier.spider.crawler.pageprocessor.SearchPageProcessor.get_search_list(SearchPageProcessor.java:83)}
2015-03-29 19:48:23 [INFO] - [解析] 当前页解析得到 11 条微博 {com.glacier.spider.crawler.pageprocessor.SearchPageProcessor.get_search_list(SearchPageProcessor.java:85)}
2015-03-29 19:48:25 [INFO] - [解析] 正在获取用户资料... {com.glacier.spider.crawler.pageprocessor.UserPageProcessor.get_user_info(UserPageProcessor.java:158)}
2015-03-29 19:48:25 [ERROR] - java.lang.StringIndexOutOfBoundsException: String index out of range: -1
	at java.lang.String.substring(String.java:1911)
	at com.glacier.spider.crawler.pageprocessor.UserPageProcessor.get_user_info(UserPageProcessor.java:231)
	at com.glacier.spider.crawler.pageprocessor.UserPageProcessor.getUserInfo(UserPageProcessor.java:55)
	at com.glacier.spider.crawler.pageprocessor.SearchPageProcessor.get_search_list(SearchPageProcessor.java:154)
	at com.glacier.spider.crawler.pageprocessor.SearchPageProcessor.getSearchList(SearchPageProcessor.java:53)
	at com.glacier.spider.crawler.Crawler.start(Crawler.java:51)
	at com.glacier.spider.Weibo.main(Weibo.java:18)
	at sun.reflect.NativeMethodAccessorImpl.invoke0(Native Method)
	at sun.reflect.NativeMethodAccessorImpl.invoke(NativeMethodAccessorImpl.java:57)
	at sun.reflect.DelegatingMethodAccessorImpl.invoke(DelegatingMethodAccessorImpl.java:43)
	at java.lang.reflect.Method.invoke(Method.java:606)
	at com.intellij.rt.execution.application.AppMain.main(AppMain.java:134)
 {com.glacier.spider.crawler.pageprocessor.UserPageProcessor.get_user_info(UserPageProcessor.java:239)}
2015-03-29 19:48:25 [ERROR] - java.lang.StringIndexOutOfBoundsException: String index out of range: -1
	at java.lang.String.substring(String.java:1911)
	at com.glacier.spider.crawler.pageprocessor.UserPageProcessor.get_user_info(UserPageProcessor.java:231)
	at com.glacier.spider.crawler.pageprocessor.UserPageProcessor.getUserInfo(UserPageProcessor.java:55)
	at com.glacier.spider.crawler.pageprocessor.SearchPageProcessor.get_search_list(SearchPageProcessor.java:154)
	at com.glacier.spider.crawler.pageprocessor.SearchPageProcessor.getSearchList(SearchPageProcessor.java:53)
	at com.glacier.spider.crawler.Crawler.start(Crawler.java:51)
	at com.glacier.spider.Weibo.main(Weibo.java:18)
	at sun.reflect.NativeMethodAccessorImpl.invoke0(Native Method)
	at sun.reflect.NativeMethodAccessorImpl.invoke(NativeMethodAccessorImpl.java:57)
	at sun.reflect.DelegatingMethodAccessorImpl.invoke(DelegatingMethodAccessorImpl.java:43)
	at java.lang.reflect.Method.invoke(Method.java:606)
	at com.intellij.rt.execution.application.AppMain.main(AppMain.java:134)
 {com.glacier.spider.crawler.pageprocessor.UserPageProcessor.get_user_info(UserPageProcessor.java:239)}
2015-03-29 19:48:26 [INFO] - [解析] 正在获取用户资料... {com.glacier.spider.crawler.pageprocessor.UserPageProcessor.get_user_info(UserPageProcessor.java:158)}
2015-03-29 19:48:26 [INFO] - [解析] 正在获取用户资料... {com.glacier.spider.crawler.pageprocessor.UserPageProcessor.get_user_info(UserPageProcessor.java:158)}
2015-03-29 19:48:27 [INFO] - [解析] 正在获取用户资料... {com.glacier.spider.crawler.pageprocessor.UserPageProcessor.get_user_info(UserPageProcessor.java:158)}
2015-03-29 19:49:34 [INFO] - [Login] 'xy_lr_92@126.com' 正在登陆... {com.glacier.spider.login.LoginCN.login(LoginCN.java:54)}
2015-03-29 19:49:36 [INFO] - [login] 'xy_lr_92@126.com' 登陆成功! {com.glacier.spider.login.LoginCN.login(LoginCN.java:99)}
2015-03-29 19:49:37 [INFO] - [解析] 正在获取搜索结果微博... {com.glacier.spider.crawler.pageprocessor.SearchPageProcessor.get_search_list(SearchPageProcessor.java:71)}
2015-03-29 19:49:37 [INFO] - [解析] 正在获取第 1 页 / 100 页 {com.glacier.spider.crawler.pageprocessor.SearchPageProcessor.get_search_list(SearchPageProcessor.java:83)}
2015-03-29 19:49:37 [INFO] - [解析] 当前页解析得到 11 条微博 {com.glacier.spider.crawler.pageprocessor.SearchPageProcessor.get_search_list(SearchPageProcessor.java:85)}
2015-03-29 19:49:38 [INFO] - [解析] 正在获取用户资料... {com.glacier.spider.crawler.pageprocessor.UserPageProcessor.get_user_info(UserPageProcessor.java:158)}
2015-03-29 19:49:38 [ERROR] - java.lang.StringIndexOutOfBoundsException: String index out of range: -1
	at java.lang.String.substring(String.java:1911)
	at com.glacier.spider.crawler.pageprocessor.UserPageProcessor.get_user_info(UserPageProcessor.java:232)
	at com.glacier.spider.crawler.pageprocessor.UserPageProcessor.getUserInfo(UserPageProcessor.java:55)
	at com.glacier.spider.crawler.pageprocessor.SearchPageProcessor.get_search_list(SearchPageProcessor.java:154)
	at com.glacier.spider.crawler.pageprocessor.SearchPageProcessor.getSearchList(SearchPageProcessor.java:53)
	at com.glacier.spider.crawler.Crawler.start(Crawler.java:51)
	at com.glacier.spider.Weibo.main(Weibo.java:18)
	at sun.reflect.NativeMethodAccessorImpl.invoke0(Native Method)
	at sun.reflect.NativeMethodAccessorImpl.invoke(NativeMethodAccessorImpl.java:57)
	at sun.reflect.DelegatingMethodAccessorImpl.invoke(DelegatingMethodAccessorImpl.java:43)
	at java.lang.reflect.Method.invoke(Method.java:606)
	at com.intellij.rt.execution.application.AppMain.main(AppMain.java:134)
 {com.glacier.spider.crawler.pageprocessor.UserPageProcessor.get_user_info(UserPageProcessor.java:240)}
2015-03-29 19:49:38 [ERROR] - java.lang.StringIndexOutOfBoundsException: String index out of range: -1
	at java.lang.String.substring(String.java:1911)
	at com.glacier.spider.crawler.pageprocessor.UserPageProcessor.get_user_info(UserPageProcessor.java:232)
	at com.glacier.spider.crawler.pageprocessor.UserPageProcessor.getUserInfo(UserPageProcessor.java:55)
	at com.glacier.spider.crawler.pageprocessor.SearchPageProcessor.get_search_list(SearchPageProcessor.java:154)
	at com.glacier.spider.crawler.pageprocessor.SearchPageProcessor.getSearchList(SearchPageProcessor.java:53)
	at com.glacier.spider.crawler.Crawler.start(Crawler.java:51)
	at com.glacier.spider.Weibo.main(Weibo.java:18)
	at sun.reflect.NativeMethodAccessorImpl.invoke0(Native Method)
	at sun.reflect.NativeMethodAccessorImpl.invoke(NativeMethodAccessorImpl.java:57)
	at sun.reflect.DelegatingMethodAccessorImpl.invoke(DelegatingMethodAccessorImpl.java:43)
	at java.lang.reflect.Method.invoke(Method.java:606)
	at com.intellij.rt.execution.application.AppMain.main(AppMain.java:134)
 {com.glacier.spider.crawler.pageprocessor.UserPageProcessor.get_user_info(UserPageProcessor.java:240)}
2015-03-29 19:50:37 [INFO] - [Login] 'xylr92@126.com' 正在登陆... {com.glacier.spider.login.LoginCN.login(LoginCN.java:54)}
2015-03-29 19:50:39 [INFO] - [login] 'xylr92@126.com' 登陆成功! {com.glacier.spider.login.LoginCN.login(LoginCN.java:99)}
2015-03-29 19:50:39 [INFO] - [解析] 正在获取搜索结果微博... {com.glacier.spider.crawler.pageprocessor.SearchPageProcessor.get_search_list(SearchPageProcessor.java:75)}
2015-03-29 19:50:39 [INFO] - [解析] 正在获取第 1 页 / 100 页 {com.glacier.spider.crawler.pageprocessor.SearchPageProcessor.get_search_list(SearchPageProcessor.java:87)}
2015-03-29 19:50:39 [INFO] - [解析] 当前页解析得到 11 条微博 {com.glacier.spider.crawler.pageprocessor.SearchPageProcessor.get_search_list(SearchPageProcessor.java:89)}
2015-03-29 19:50:40 [INFO] - [解析] 正在获取用户资料... {com.glacier.spider.crawler.pageprocessor.UserPageProcessor.get_user_info(UserPageProcessor.java:158)}
2015-03-29 19:50:40 [ERROR] - java.lang.StringIndexOutOfBoundsException: String index out of range: -1
	at java.lang.String.substring(String.java:1911)
	at com.glacier.spider.crawler.pageprocessor.UserPageProcessor.get_user_info(UserPageProcessor.java:231)
	at com.glacier.spider.crawler.pageprocessor.UserPageProcessor.getUserInfo(UserPageProcessor.java:55)
	at com.glacier.spider.crawler.pageprocessor.SearchPageProcessor.get_search_list(SearchPageProcessor.java:158)
	at com.glacier.spider.crawler.pageprocessor.SearchPageProcessor.getSearchList(SearchPageProcessor.java:57)
	at com.glacier.spider.crawler.Crawler.start(Crawler.java:51)
	at com.glacier.spider.Weibo.main(Weibo.java:18)
	at sun.reflect.NativeMethodAccessorImpl.invoke0(Native Method)
	at sun.reflect.NativeMethodAccessorImpl.invoke(NativeMethodAccessorImpl.java:57)
	at sun.reflect.DelegatingMethodAccessorImpl.invoke(DelegatingMethodAccessorImpl.java:43)
	at java.lang.reflect.Method.invoke(Method.java:606)
	at com.intellij.rt.execution.application.AppMain.main(AppMain.java:134)
 {com.glacier.spider.crawler.pageprocessor.UserPageProcessor.get_user_info(UserPageProcessor.java:239)}
2015-03-29 19:50:40 [ERROR] - java.lang.StringIndexOutOfBoundsException: String index out of range: -1
	at java.lang.String.substring(String.java:1911)
	at com.glacier.spider.crawler.pageprocessor.UserPageProcessor.get_user_info(UserPageProcessor.java:231)
	at com.glacier.spider.crawler.pageprocessor.UserPageProcessor.getUserInfo(UserPageProcessor.java:55)
	at com.glacier.spider.crawler.pageprocessor.SearchPageProcessor.get_search_list(SearchPageProcessor.java:158)
	at com.glacier.spider.crawler.pageprocessor.SearchPageProcessor.getSearchList(SearchPageProcessor.java:57)
	at com.glacier.spider.crawler.Crawler.start(Crawler.java:51)
	at com.glacier.spider.Weibo.main(Weibo.java:18)
	at sun.reflect.NativeMethodAccessorImpl.invoke0(Native Method)
	at sun.reflect.NativeMethodAccessorImpl.invoke(NativeMethodAccessorImpl.java:57)
	at sun.reflect.DelegatingMethodAccessorImpl.invoke(DelegatingMethodAccessorImpl.java:43)
	at java.lang.reflect.Method.invoke(Method.java:606)
	at com.intellij.rt.execution.application.AppMain.main(AppMain.java:134)
 {com.glacier.spider.crawler.pageprocessor.UserPageProcessor.get_user_info(UserPageProcessor.java:239)}
2015-03-29 19:50:41 [INFO] - [解析] 正在获取用户资料... {com.glacier.spider.crawler.pageprocessor.UserPageProcessor.get_user_info(UserPageProcessor.java:158)}
2015-03-29 19:50:42 [INFO] - [解析] 正在获取用户资料... {com.glacier.spider.crawler.pageprocessor.UserPageProcessor.get_user_info(UserPageProcessor.java:158)}
2015-03-29 19:50:43 [INFO] - [解析] 正在获取用户资料... {com.glacier.spider.crawler.pageprocessor.UserPageProcessor.get_user_info(UserPageProcessor.java:158)}
2015-03-29 19:50:44 [INFO] - [解析] 正在获取用户资料... {com.glacier.spider.crawler.pageprocessor.UserPageProcessor.get_user_info(UserPageProcessor.java:158)}
2015-03-29 19:52:05 [INFO] - [Login] '18092794430' 正在登陆... {com.glacier.spider.login.LoginCN.login(LoginCN.java:54)}
2015-03-29 19:52:08 [INFO] - [login] '18092794430' 登陆成功! {com.glacier.spider.login.LoginCN.login(LoginCN.java:99)}
2015-03-29 19:52:08 [INFO] - [解析] 正在获取搜索结果微博... {com.glacier.spider.crawler.pageprocessor.SearchPageProcessor.get_search_list(SearchPageProcessor.java:75)}
2015-03-29 19:52:08 [INFO] - [解析] 正在获取第 1 页 / 100 页 {com.glacier.spider.crawler.pageprocessor.SearchPageProcessor.get_search_list(SearchPageProcessor.java:87)}
2015-03-29 19:52:08 [INFO] - [解析] 当前页解析得到 11 条微博 {com.glacier.spider.crawler.pageprocessor.SearchPageProcessor.get_search_list(SearchPageProcessor.java:89)}
2015-03-29 19:52:09 [INFO] - [解析] 正在获取用户资料... {com.glacier.spider.crawler.pageprocessor.UserPageProcessor.get_user_info(UserPageProcessor.java:158)}
2015-03-29 19:52:09 [ERROR] - java.lang.StringIndexOutOfBoundsException: String index out of range: -1
	at java.lang.String.substring(String.java:1911)
	at com.glacier.spider.crawler.pageprocessor.UserPageProcessor.get_user_info(UserPageProcessor.java:231)
	at com.glacier.spider.crawler.pageprocessor.UserPageProcessor.getUserInfo(UserPageProcessor.java:55)
	at com.glacier.spider.crawler.pageprocessor.SearchPageProcessor.get_search_list(SearchPageProcessor.java:158)
	at com.glacier.spider.crawler.pageprocessor.SearchPageProcessor.getSearchList(SearchPageProcessor.java:57)
	at com.glacier.spider.crawler.Crawler.start(Crawler.java:51)
	at com.glacier.spider.Weibo.main(Weibo.java:18)
	at sun.reflect.NativeMethodAccessorImpl.invoke0(Native Method)
	at sun.reflect.NativeMethodAccessorImpl.invoke(NativeMethodAccessorImpl.java:57)
	at sun.reflect.DelegatingMethodAccessorImpl.invoke(DelegatingMethodAccessorImpl.java:43)
	at java.lang.reflect.Method.invoke(Method.java:606)
	at com.intellij.rt.execution.application.AppMain.main(AppMain.java:134)
 {com.glacier.spider.crawler.pageprocessor.UserPageProcessor.get_user_info(UserPageProcessor.java:239)}
2015-03-29 19:52:09 [ERROR] - java.lang.StringIndexOutOfBoundsException: String index out of range: -1
	at java.lang.String.substring(String.java:1911)
	at com.glacier.spider.crawler.pageprocessor.UserPageProcessor.get_user_info(UserPageProcessor.java:231)
	at com.glacier.spider.crawler.pageprocessor.UserPageProcessor.getUserInfo(UserPageProcessor.java:55)
	at com.glacier.spider.crawler.pageprocessor.SearchPageProcessor.get_search_list(SearchPageProcessor.java:158)
	at com.glacier.spider.crawler.pageprocessor.SearchPageProcessor.getSearchList(SearchPageProcessor.java:57)
	at com.glacier.spider.crawler.Crawler.start(Crawler.java:51)
	at com.glacier.spider.Weibo.main(Weibo.java:18)
	at sun.reflect.NativeMethodAccessorImpl.invoke0(Native Method)
	at sun.reflect.NativeMethodAccessorImpl.invoke(NativeMethodAccessorImpl.java:57)
	at sun.reflect.DelegatingMethodAccessorImpl.invoke(DelegatingMethodAccessorImpl.java:43)
	at java.lang.reflect.Method.invoke(Method.java:606)
	at com.intellij.rt.execution.application.AppMain.main(AppMain.java:134)
 {com.glacier.spider.crawler.pageprocessor.UserPageProcessor.get_user_info(UserPageProcessor.java:239)}
2015-03-29 19:52:10 [INFO] - [解析] 正在获取用户资料... {com.glacier.spider.crawler.pageprocessor.UserPageProcessor.get_user_info(UserPageProcessor.java:158)}
2015-03-29 19:54:54 [INFO] - [Login] '13289212979' 正在登陆... {com.glacier.spider.login.LoginCN.login(LoginCN.java:54)}
2015-03-29 19:54:54 [ERROR] - java.lang.NullPointerException
	at java.net.URI$Parser.parse(URI.java:3023)
	at java.net.URI.<init>(URI.java:595)
	at java.net.URI.create(URI.java:857)
	at org.apache.http.client.methods.HttpGet.<init>(HttpGet.java:69)
	at com.glacier.spider.login.LoginCN.login(LoginCN.java:94)
	at com.glacier.spider.login.LoginCN.login(LoginCN.java:43)
	at com.glacier.spider.crawler.Crawler.start(Crawler.java:35)
	at com.glacier.spider.Weibo.main(Weibo.java:18)
	at sun.reflect.NativeMethodAccessorImpl.invoke0(Native Method)
	at sun.reflect.NativeMethodAccessorImpl.invoke(NativeMethodAccessorImpl.java:57)
	at sun.reflect.DelegatingMethodAccessorImpl.invoke(DelegatingMethodAccessorImpl.java:43)
	at java.lang.reflect.Method.invoke(Method.java:606)
	at com.intellij.rt.execution.application.AppMain.main(AppMain.java:134)
 {com.glacier.spider.login.LoginCN.login(LoginCN.java:113)}
2015-03-29 19:54:54 [ERROR] - java.lang.NullPointerException
	at com.glacier.spider.crawler.downloader.Downloader.document(Downloader.java:76)
	at com.glacier.spider.crawler.downloader.Downloader.searchDocument(Downloader.java:120)
	at com.glacier.spider.crawler.pageprocessor.SearchPageProcessor.getSearchList(SearchPageProcessor.java:55)
	at com.glacier.spider.crawler.Crawler.start(Crawler.java:51)
	at com.glacier.spider.Weibo.main(Weibo.java:18)
	at sun.reflect.NativeMethodAccessorImpl.invoke0(Native Method)
	at sun.reflect.NativeMethodAccessorImpl.invoke(NativeMethodAccessorImpl.java:57)
	at sun.reflect.DelegatingMethodAccessorImpl.invoke(DelegatingMethodAccessorImpl.java:43)
	at java.lang.reflect.Method.invoke(Method.java:606)
	at com.intellij.rt.execution.application.AppMain.main(AppMain.java:134)
 {com.glacier.spider.crawler.downloader.Downloader.document(Downloader.java:107)}
2015-03-29 19:54:54 [INFO] - [解析] 正在获取搜索结果微博... {com.glacier.spider.crawler.pageprocessor.SearchPageProcessor.get_search_list(SearchPageProcessor.java:75)}
2015-03-29 19:54:54 [ERROR] - java.lang.NullPointerException
	at com.glacier.spider.crawler.pageprocessor.SearchPageProcessor.get_search_list(SearchPageProcessor.java:77)
	at com.glacier.spider.crawler.pageprocessor.SearchPageProcessor.getSearchList(SearchPageProcessor.java:57)
	at com.glacier.spider.crawler.Crawler.start(Crawler.java:51)
	at com.glacier.spider.Weibo.main(Weibo.java:18)
	at sun.reflect.NativeMethodAccessorImpl.invoke0(Native Method)
	at sun.reflect.NativeMethodAccessorImpl.invoke(NativeMethodAccessorImpl.java:57)
	at sun.reflect.DelegatingMethodAccessorImpl.invoke(DelegatingMethodAccessorImpl.java:43)
	at java.lang.reflect.Method.invoke(Method.java:606)
	at com.intellij.rt.execution.application.AppMain.main(AppMain.java:134)
 {com.glacier.spider.crawler.pageprocessor.SearchPageProcessor.get_search_list(SearchPageProcessor.java:173)}
2015-03-29 19:55:06 [INFO] - [Login] '421186071rlx@sina.com' 正在登陆... {com.glacier.spider.login.LoginCN.login(LoginCN.java:54)}
2015-03-29 19:55:12 [INFO] - [login] '421186071rlx@sina.com' 登陆成功! {com.glacier.spider.login.LoginCN.login(LoginCN.java:99)}
2015-03-29 19:55:13 [INFO] - [解析] 正在获取搜索结果微博... {com.glacier.spider.crawler.pageprocessor.SearchPageProcessor.get_search_list(SearchPageProcessor.java:75)}
2015-03-29 19:55:13 [INFO] - [解析] 正在获取第 1 页 / 100 页 {com.glacier.spider.crawler.pageprocessor.SearchPageProcessor.get_search_list(SearchPageProcessor.java:87)}
2015-03-29 19:55:13 [INFO] - [解析] 当前页解析得到 11 条微博 {com.glacier.spider.crawler.pageprocessor.SearchPageProcessor.get_search_list(SearchPageProcessor.java:89)}
2015-03-29 19:55:14 [INFO] - [解析] 正在获取用户资料... {com.glacier.spider.crawler.pageprocessor.UserPageProcessor.get_user_info(UserPageProcessor.java:158)}
2015-03-29 19:55:14 [ERROR] - java.lang.StringIndexOutOfBoundsException: String index out of range: -1
	at java.lang.String.substring(String.java:1911)
	at com.glacier.spider.crawler.pageprocessor.UserPageProcessor.get_user_info(UserPageProcessor.java:231)
	at com.glacier.spider.crawler.pageprocessor.UserPageProcessor.getUserInfo(UserPageProcessor.java:55)
	at com.glacier.spider.crawler.pageprocessor.SearchPageProcessor.get_search_list(SearchPageProcessor.java:158)
	at com.glacier.spider.crawler.pageprocessor.SearchPageProcessor.getSearchList(SearchPageProcessor.java:57)
	at com.glacier.spider.crawler.Crawler.start(Crawler.java:51)
	at com.glacier.spider.Weibo.main(Weibo.java:18)
	at sun.reflect.NativeMethodAccessorImpl.invoke0(Native Method)
	at sun.reflect.NativeMethodAccessorImpl.invoke(NativeMethodAccessorImpl.java:57)
	at sun.reflect.DelegatingMethodAccessorImpl.invoke(DelegatingMethodAccessorImpl.java:43)
	at java.lang.reflect.Method.invoke(Method.java:606)
	at com.intellij.rt.execution.application.AppMain.main(AppMain.java:134)
 {com.glacier.spider.crawler.pageprocessor.UserPageProcessor.get_user_info(UserPageProcessor.java:239)}
2015-03-29 19:55:14 [ERROR] - java.lang.StringIndexOutOfBoundsException: String index out of range: -1
	at java.lang.String.substring(String.java:1911)
	at com.glacier.spider.crawler.pageprocessor.UserPageProcessor.get_user_info(UserPageProcessor.java:231)
	at com.glacier.spider.crawler.pageprocessor.UserPageProcessor.getUserInfo(UserPageProcessor.java:55)
	at com.glacier.spider.crawler.pageprocessor.SearchPageProcessor.get_search_list(SearchPageProcessor.java:158)
	at com.glacier.spider.crawler.pageprocessor.SearchPageProcessor.getSearchList(SearchPageProcessor.java:57)
	at com.glacier.spider.crawler.Crawler.start(Crawler.java:51)
	at com.glacier.spider.Weibo.main(Weibo.java:18)
	at sun.reflect.NativeMethodAccessorImpl.invoke0(Native Method)
	at sun.reflect.NativeMethodAccessorImpl.invoke(NativeMethodAccessorImpl.java:57)
	at sun.reflect.DelegatingMethodAccessorImpl.invoke(DelegatingMethodAccessorImpl.java:43)
	at java.lang.reflect.Method.invoke(Method.java:606)
	at com.intellij.rt.execution.application.AppMain.main(AppMain.java:134)
 {com.glacier.spider.crawler.pageprocessor.UserPageProcessor.get_user_info(UserPageProcessor.java:239)}
2015-03-29 19:55:15 [INFO] - [解析] 正在获取用户资料... {com.glacier.spider.crawler.pageprocessor.UserPageProcessor.get_user_info(UserPageProcessor.java:158)}
2015-03-29 19:55:16 [INFO] - [解析] 正在获取用户资料... {com.glacier.spider.crawler.pageprocessor.UserPageProcessor.get_user_info(UserPageProcessor.java:158)}
2015-03-29 19:55:17 [INFO] - [解析] 正在获取用户资料... {com.glacier.spider.crawler.pageprocessor.UserPageProcessor.get_user_info(UserPageProcessor.java:158)}
2015-03-29 19:56:22 [INFO] - [Login] 'rlx421186071@sina.com' 正在登陆... {com.glacier.spider.login.LoginCN.login(LoginCN.java:54)}
2015-03-29 19:56:25 [INFO] - [login] 'rlx421186071@sina.com' 登陆成功! {com.glacier.spider.login.LoginCN.login(LoginCN.java:99)}
2015-03-29 19:56:25 [INFO] - [解析] 正在获取搜索结果微博... {com.glacier.spider.crawler.pageprocessor.SearchPageProcessor.get_search_list(SearchPageProcessor.java:75)}
2015-03-29 19:56:25 [INFO] - [解析] 正在获取第 1 页 / 100 页 {com.glacier.spider.crawler.pageprocessor.SearchPageProcessor.get_search_list(SearchPageProcessor.java:87)}
2015-03-29 19:56:25 [INFO] - [解析] 当前页解析得到 11 条微博 {com.glacier.spider.crawler.pageprocessor.SearchPageProcessor.get_search_list(SearchPageProcessor.java:89)}
2015-03-29 19:56:26 [INFO] - [解析] 正在获取用户资料... {com.glacier.spider.crawler.pageprocessor.UserPageProcessor.get_user_info(UserPageProcessor.java:158)}
2015-03-29 19:56:26 [ERROR] - java.lang.StringIndexOutOfBoundsException: String index out of range: -1
	at java.lang.String.substring(String.java:1911)
	at com.glacier.spider.crawler.pageprocessor.UserPageProcessor.get_user_info(UserPageProcessor.java:231)
	at com.glacier.spider.crawler.pageprocessor.UserPageProcessor.getUserInfo(UserPageProcessor.java:55)
	at com.glacier.spider.crawler.pageprocessor.SearchPageProcessor.get_search_list(SearchPageProcessor.java:157)
	at com.glacier.spider.crawler.pageprocessor.SearchPageProcessor.getSearchList(SearchPageProcessor.java:57)
	at com.glacier.spider.crawler.Crawler.start(Crawler.java:51)
	at com.glacier.spider.Weibo.main(Weibo.java:18)
	at sun.reflect.NativeMethodAccessorImpl.invoke0(Native Method)
	at sun.reflect.NativeMethodAccessorImpl.invoke(NativeMethodAccessorImpl.java:57)
	at sun.reflect.DelegatingMethodAccessorImpl.invoke(DelegatingMethodAccessorImpl.java:43)
	at java.lang.reflect.Method.invoke(Method.java:606)
	at com.intellij.rt.execution.application.AppMain.main(AppMain.java:134)
 {com.glacier.spider.crawler.pageprocessor.UserPageProcessor.get_user_info(UserPageProcessor.java:239)}
2015-03-29 19:56:26 [ERROR] - java.lang.StringIndexOutOfBoundsException: String index out of range: -1
	at java.lang.String.substring(String.java:1911)
	at com.glacier.spider.crawler.pageprocessor.UserPageProcessor.get_user_info(UserPageProcessor.java:231)
	at com.glacier.spider.crawler.pageprocessor.UserPageProcessor.getUserInfo(UserPageProcessor.java:55)
	at com.glacier.spider.crawler.pageprocessor.SearchPageProcessor.get_search_list(SearchPageProcessor.java:157)
	at com.glacier.spider.crawler.pageprocessor.SearchPageProcessor.getSearchList(SearchPageProcessor.java:57)
	at com.glacier.spider.crawler.Crawler.start(Crawler.java:51)
	at com.glacier.spider.Weibo.main(Weibo.java:18)
	at sun.reflect.NativeMethodAccessorImpl.invoke0(Native Method)
	at sun.reflect.NativeMethodAccessorImpl.invoke(NativeMethodAccessorImpl.java:57)
	at sun.reflect.DelegatingMethodAccessorImpl.invoke(DelegatingMethodAccessorImpl.java:43)
	at java.lang.reflect.Method.invoke(Method.java:606)
	at com.intellij.rt.execution.application.AppMain.main(AppMain.java:134)
 {com.glacier.spider.crawler.pageprocessor.UserPageProcessor.get_user_info(UserPageProcessor.java:239)}
2015-03-29 19:56:27 [INFO] - [解析] 正在获取用户资料... {com.glacier.spider.crawler.pageprocessor.UserPageProcessor.get_user_info(UserPageProcessor.java:158)}
2015-03-29 19:56:28 [INFO] - [解析] 正在获取用户资料... {com.glacier.spider.crawler.pageprocessor.UserPageProcessor.get_user_info(UserPageProcessor.java:158)}
2015-03-29 19:56:29 [INFO] - [解析] 正在获取用户资料... {com.glacier.spider.crawler.pageprocessor.UserPageProcessor.get_user_info(UserPageProcessor.java:158)}
2015-03-29 19:56:30 [INFO] - [解析] 正在获取用户资料... {com.glacier.spider.crawler.pageprocessor.UserPageProcessor.get_user_info(UserPageProcessor.java:158)}
2015-03-29 19:56:31 [INFO] - [解析] 正在获取用户资料... {com.glacier.spider.crawler.pageprocessor.UserPageProcessor.get_user_info(UserPageProcessor.java:158)}
2015-03-29 19:56:31 [ERROR] - java.lang.StringIndexOutOfBoundsException: String index out of range: -1
	at java.lang.String.substring(String.java:1911)
	at com.glacier.spider.crawler.pageprocessor.UserPageProcessor.get_user_info(UserPageProcessor.java:231)
	at com.glacier.spider.crawler.pageprocessor.UserPageProcessor.getUserInfo(UserPageProcessor.java:55)
	at com.glacier.spider.crawler.pageprocessor.SearchPageProcessor.get_search_list(SearchPageProcessor.java:157)
	at com.glacier.spider.crawler.pageprocessor.SearchPageProcessor.getSearchList(SearchPageProcessor.java:57)
	at com.glacier.spider.crawler.Crawler.start(Crawler.java:51)
	at com.glacier.spider.Weibo.main(Weibo.java:18)
	at sun.reflect.NativeMethodAccessorImpl.invoke0(Native Method)
	at sun.reflect.NativeMethodAccessorImpl.invoke(NativeMethodAccessorImpl.java:57)
	at sun.reflect.DelegatingMethodAccessorImpl.invoke(DelegatingMethodAccessorImpl.java:43)
	at java.lang.reflect.Method.invoke(Method.java:606)
	at com.intellij.rt.execution.application.AppMain.main(AppMain.java:134)
 {com.glacier.spider.crawler.pageprocessor.UserPageProcessor.get_user_info(UserPageProcessor.java:239)}
2015-03-29 19:56:32 [INFO] - [解析] 正在获取用户资料... {com.glacier.spider.crawler.pageprocessor.UserPageProcessor.get_user_info(UserPageProcessor.java:158)}
2015-03-29 19:56:33 [INFO] - [解析] 正在获取用户资料... {com.glacier.spider.crawler.pageprocessor.UserPageProcessor.get_user_info(UserPageProcessor.java:158)}
2015-03-29 19:56:34 [INFO] - [解析] 正在获取用户资料... {com.glacier.spider.crawler.pageprocessor.UserPageProcessor.get_user_info(UserPageProcessor.java:158)}
2015-03-29 19:56:35 [INFO] - [解析] 正在获取用户资料... {com.glacier.spider.crawler.pageprocessor.UserPageProcessor.get_user_info(UserPageProcessor.java:158)}
2015-03-29 19:56:35 [ERROR] - java.lang.StringIndexOutOfBoundsException: String index out of range: -1
	at java.lang.String.substring(String.java:1911)
	at com.glacier.spider.crawler.pageprocessor.UserPageProcessor.get_user_info(UserPageProcessor.java:231)
	at com.glacier.spider.crawler.pageprocessor.UserPageProcessor.getUserInfo(UserPageProcessor.java:55)
	at com.glacier.spider.crawler.pageprocessor.SearchPageProcessor.get_search_list(SearchPageProcessor.java:157)
	at com.glacier.spider.crawler.pageprocessor.SearchPageProcessor.getSearchList(SearchPageProcessor.java:57)
	at com.glacier.spider.crawler.Crawler.start(Crawler.java:51)
	at com.glacier.spider.Weibo.main(Weibo.java:18)
	at sun.reflect.NativeMethodAccessorImpl.invoke0(Native Method)
	at sun.reflect.NativeMethodAccessorImpl.invoke(NativeMethodAccessorImpl.java:57)
	at sun.reflect.DelegatingMethodAccessorImpl.invoke(DelegatingMethodAccessorImpl.java:43)
	at java.lang.reflect.Method.invoke(Method.java:606)
	at com.intellij.rt.execution.application.AppMain.main(AppMain.java:134)
 {com.glacier.spider.crawler.pageprocessor.UserPageProcessor.get_user_info(UserPageProcessor.java:239)}
2015-03-29 19:56:36 [INFO] - [解析] 正在获取用户资料... {com.glacier.spider.crawler.pageprocessor.UserPageProcessor.get_user_info(UserPageProcessor.java:158)}
2015-03-29 19:56:37 [INFO] - [解析] 正在获取第 2 页 / 100 页 {com.glacier.spider.crawler.pageprocessor.SearchPageProcessor.get_search_list(SearchPageProcessor.java:87)}
2015-03-29 19:56:37 [INFO] - [解析] 当前页解析得到 9 条微博 {com.glacier.spider.crawler.pageprocessor.SearchPageProcessor.get_search_list(SearchPageProcessor.java:89)}
2015-03-29 19:56:37 [INFO] - [解析] 正在获取用户资料... {com.glacier.spider.crawler.pageprocessor.UserPageProcessor.get_user_info(UserPageProcessor.java:158)}
2015-03-29 19:56:39 [INFO] - [解析] 正在获取用户资料... {com.glacier.spider.crawler.pageprocessor.UserPageProcessor.get_user_info(UserPageProcessor.java:158)}
2015-03-29 19:56:40 [INFO] - [解析] 正在获取用户资料... {com.glacier.spider.crawler.pageprocessor.UserPageProcessor.get_user_info(UserPageProcessor.java:158)}
2015-03-29 19:56:40 [ERROR] - java.lang.StringIndexOutOfBoundsException: String index out of range: -1
	at java.lang.String.substring(String.java:1911)
	at com.glacier.spider.crawler.pageprocessor.UserPageProcessor.get_user_info(UserPageProcessor.java:231)
	at com.glacier.spider.crawler.pageprocessor.UserPageProcessor.getUserInfo(UserPageProcessor.java:55)
	at com.glacier.spider.crawler.pageprocessor.SearchPageProcessor.get_search_list(SearchPageProcessor.java:157)
	at com.glacier.spider.crawler.pageprocessor.SearchPageProcessor.getSearchList(SearchPageProcessor.java:57)
	at com.glacier.spider.crawler.Crawler.start(Crawler.java:51)
	at com.glacier.spider.Weibo.main(Weibo.java:18)
	at sun.reflect.NativeMethodAccessorImpl.invoke0(Native Method)
	at sun.reflect.NativeMethodAccessorImpl.invoke(NativeMethodAccessorImpl.java:57)
	at sun.reflect.DelegatingMethodAccessorImpl.invoke(DelegatingMethodAccessorImpl.java:43)
	at java.lang.reflect.Method.invoke(Method.java:606)
	at com.intellij.rt.execution.application.AppMain.main(AppMain.java:134)
 {com.glacier.spider.crawler.pageprocessor.UserPageProcessor.get_user_info(UserPageProcessor.java:239)}
2015-03-29 19:56:41 [INFO] - [解析] 正在获取用户资料... {com.glacier.spider.crawler.pageprocessor.UserPageProcessor.get_user_info(UserPageProcessor.java:158)}
2015-03-29 19:56:42 [INFO] - [解析] 正在获取用户资料... {com.glacier.spider.crawler.pageprocessor.UserPageProcessor.get_user_info(UserPageProcessor.java:158)}
2015-03-29 19:56:42 [ERROR] - java.lang.StringIndexOutOfBoundsException: String index out of range: -1
	at java.lang.String.substring(String.java:1911)
	at com.glacier.spider.crawler.pageprocessor.UserPageProcessor.get_user_info(UserPageProcessor.java:231)
	at com.glacier.spider.crawler.pageprocessor.UserPageProcessor.getUserInfo(UserPageProcessor.java:55)
	at com.glacier.spider.crawler.pageprocessor.SearchPageProcessor.get_search_list(SearchPageProcessor.java:157)
	at com.glacier.spider.crawler.pageprocessor.SearchPageProcessor.getSearchList(SearchPageProcessor.java:57)
	at com.glacier.spider.crawler.Crawler.start(Crawler.java:51)
	at com.glacier.spider.Weibo.main(Weibo.java:18)
	at sun.reflect.NativeMethodAccessorImpl.invoke0(Native Method)
	at sun.reflect.NativeMethodAccessorImpl.invoke(NativeMethodAccessorImpl.java:57)
	at sun.reflect.DelegatingMethodAccessorImpl.invoke(DelegatingMethodAccessorImpl.java:43)
	at java.lang.reflect.Method.invoke(Method.java:606)
	at com.intellij.rt.execution.application.AppMain.main(AppMain.java:134)
 {com.glacier.spider.crawler.pageprocessor.UserPageProcessor.get_user_info(UserPageProcessor.java:239)}
2015-03-29 19:56:42 [ERROR] - java.lang.StringIndexOutOfBoundsException: String index out of range: -1
	at java.lang.String.substring(String.java:1911)
	at com.glacier.spider.crawler.pageprocessor.UserPageProcessor.get_user_info(UserPageProcessor.java:231)
	at com.glacier.spider.crawler.pageprocessor.UserPageProcessor.getUserInfo(UserPageProcessor.java:55)
	at com.glacier.spider.crawler.pageprocessor.SearchPageProcessor.get_search_list(SearchPageProcessor.java:157)
	at com.glacier.spider.crawler.pageprocessor.SearchPageProcessor.getSearchList(SearchPageProcessor.java:57)
	at com.glacier.spider.crawler.Crawler.start(Crawler.java:51)
	at com.glacier.spider.Weibo.main(Weibo.java:18)
	at sun.reflect.NativeMethodAccessorImpl.invoke0(Native Method)
	at sun.reflect.NativeMethodAccessorImpl.invoke(NativeMethodAccessorImpl.java:57)
	at sun.reflect.DelegatingMethodAccessorImpl.invoke(DelegatingMethodAccessorImpl.java:43)
	at java.lang.reflect.Method.invoke(Method.java:606)
	at com.intellij.rt.execution.application.AppMain.main(AppMain.java:134)
 {com.glacier.spider.crawler.pageprocessor.UserPageProcessor.get_user_info(UserPageProcessor.java:239)}
2015-03-29 19:56:43 [INFO] - [解析] 正在获取用户资料... {com.glacier.spider.crawler.pageprocessor.UserPageProcessor.get_user_info(UserPageProcessor.java:158)}
2015-03-29 19:56:44 [INFO] - [解析] 正在获取用户资料... {com.glacier.spider.crawler.pageprocessor.UserPageProcessor.get_user_info(UserPageProcessor.java:158)}
2015-03-29 19:56:46 [INFO] - [解析] 正在获取用户资料... {com.glacier.spider.crawler.pageprocessor.UserPageProcessor.get_user_info(UserPageProcessor.java:158)}
2015-03-29 19:57:16 [INFO] - [Login] '421186071rlx@sina.cn' 正在登陆... {com.glacier.spider.login.LoginCN.login(LoginCN.java:54)}
2015-03-29 19:57:18 [INFO] - [login] '421186071rlx@sina.cn' 登陆成功! {com.glacier.spider.login.LoginCN.login(LoginCN.java:99)}
2015-03-29 19:57:19 [INFO] - [解析] 正在获取搜索结果微博... {com.glacier.spider.crawler.pageprocessor.SearchPageProcessor.get_search_list(SearchPageProcessor.java:75)}
2015-03-29 19:57:19 [INFO] - [解析] 正在获取第 1 页 / 100 页 {com.glacier.spider.crawler.pageprocessor.SearchPageProcessor.get_search_list(SearchPageProcessor.java:87)}
2015-03-29 19:57:19 [INFO] - [解析] 当前页解析得到 11 条微博 {com.glacier.spider.crawler.pageprocessor.SearchPageProcessor.get_search_list(SearchPageProcessor.java:89)}
2015-03-29 19:57:20 [INFO] - [解析] 正在获取用户资料... {com.glacier.spider.crawler.pageprocessor.UserPageProcessor.get_user_info(UserPageProcessor.java:158)}
2015-03-29 19:57:20 [ERROR] - java.lang.StringIndexOutOfBoundsException: String index out of range: -1
	at java.lang.String.substring(String.java:1911)
	at com.glacier.spider.crawler.pageprocessor.UserPageProcessor.get_user_info(UserPageProcessor.java:231)
	at com.glacier.spider.crawler.pageprocessor.UserPageProcessor.getUserInfo(UserPageProcessor.java:55)
	at com.glacier.spider.crawler.pageprocessor.SearchPageProcessor.get_search_list(SearchPageProcessor.java:157)
	at com.glacier.spider.crawler.pageprocessor.SearchPageProcessor.getSearchList(SearchPageProcessor.java:57)
	at com.glacier.spider.crawler.Crawler.start(Crawler.java:51)
	at com.glacier.spider.Weibo.main(Weibo.java:18)
	at sun.reflect.NativeMethodAccessorImpl.invoke0(Native Method)
	at sun.reflect.NativeMethodAccessorImpl.invoke(NativeMethodAccessorImpl.java:57)
	at sun.reflect.DelegatingMethodAccessorImpl.invoke(DelegatingMethodAccessorImpl.java:43)
	at java.lang.reflect.Method.invoke(Method.java:606)
	at com.intellij.rt.execution.application.AppMain.main(AppMain.java:134)
 {com.glacier.spider.crawler.pageprocessor.UserPageProcessor.get_user_info(UserPageProcessor.java:239)}
2015-03-29 19:57:20 [ERROR] - java.lang.StringIndexOutOfBoundsException: String index out of range: -1
	at java.lang.String.substring(String.java:1911)
	at com.glacier.spider.crawler.pageprocessor.UserPageProcessor.get_user_info(UserPageProcessor.java:231)
	at com.glacier.spider.crawler.pageprocessor.UserPageProcessor.getUserInfo(UserPageProcessor.java:55)
	at com.glacier.spider.crawler.pageprocessor.SearchPageProcessor.get_search_list(SearchPageProcessor.java:157)
	at com.glacier.spider.crawler.pageprocessor.SearchPageProcessor.getSearchList(SearchPageProcessor.java:57)
	at com.glacier.spider.crawler.Crawler.start(Crawler.java:51)
	at com.glacier.spider.Weibo.main(Weibo.java:18)
	at sun.reflect.NativeMethodAccessorImpl.invoke0(Native Method)
	at sun.reflect.NativeMethodAccessorImpl.invoke(NativeMethodAccessorImpl.java:57)
	at sun.reflect.DelegatingMethodAccessorImpl.invoke(DelegatingMethodAccessorImpl.java:43)
	at java.lang.reflect.Method.invoke(Method.java:606)
	at com.intellij.rt.execution.application.AppMain.main(AppMain.java:134)
 {com.glacier.spider.crawler.pageprocessor.UserPageProcessor.get_user_info(UserPageProcessor.java:239)}
2015-03-29 19:57:21 [INFO] - [解析] 正在获取用户资料... {com.glacier.spider.crawler.pageprocessor.UserPageProcessor.get_user_info(UserPageProcessor.java:158)}
2015-03-29 19:57:22 [INFO] - [解析] 正在获取用户资料... {com.glacier.spider.crawler.pageprocessor.UserPageProcessor.get_user_info(UserPageProcessor.java:158)}
2015-03-29 19:57:22 [INFO] - [解析] 正在获取用户资料... {com.glacier.spider.crawler.pageprocessor.UserPageProcessor.get_user_info(UserPageProcessor.java:158)}
2015-03-29 19:58:06 [INFO] - [Login] 'rrenlixiang@163.com' 正在登陆... {com.glacier.spider.login.LoginCN.login(LoginCN.java:54)}
2015-03-29 19:58:08 [INFO] - [login] 'rrenlixiang@163.com' 登陆成功! {com.glacier.spider.login.LoginCN.login(LoginCN.java:99)}
2015-03-29 19:58:09 [INFO] - [解析] 正在获取搜索结果微博... {com.glacier.spider.crawler.pageprocessor.SearchPageProcessor.get_search_list(SearchPageProcessor.java:75)}
2015-03-29 19:58:09 [INFO] - [解析] 正在获取第 1 页 / 100 页 {com.glacier.spider.crawler.pageprocessor.SearchPageProcessor.get_search_list(SearchPageProcessor.java:87)}
2015-03-29 19:58:09 [INFO] - [解析] 当前页解析得到 11 条微博 {com.glacier.spider.crawler.pageprocessor.SearchPageProcessor.get_search_list(SearchPageProcessor.java:89)}
2015-03-29 19:58:11 [INFO] - [解析] 正在获取用户资料... {com.glacier.spider.crawler.pageprocessor.UserPageProcessor.get_user_info(UserPageProcessor.java:158)}
2015-03-29 19:58:11 [ERROR] - java.lang.StringIndexOutOfBoundsException: String index out of range: -1
	at java.lang.String.substring(String.java:1911)
	at com.glacier.spider.crawler.pageprocessor.UserPageProcessor.get_user_info(UserPageProcessor.java:231)
	at com.glacier.spider.crawler.pageprocessor.UserPageProcessor.getUserInfo(UserPageProcessor.java:55)
	at com.glacier.spider.crawler.pageprocessor.SearchPageProcessor.get_search_list(SearchPageProcessor.java:157)
	at com.glacier.spider.crawler.pageprocessor.SearchPageProcessor.getSearchList(SearchPageProcessor.java:57)
	at com.glacier.spider.crawler.Crawler.start(Crawler.java:51)
	at com.glacier.spider.Weibo.main(Weibo.java:18)
	at sun.reflect.NativeMethodAccessorImpl.invoke0(Native Method)
	at sun.reflect.NativeMethodAccessorImpl.invoke(NativeMethodAccessorImpl.java:57)
	at sun.reflect.DelegatingMethodAccessorImpl.invoke(DelegatingMethodAccessorImpl.java:43)
	at java.lang.reflect.Method.invoke(Method.java:606)
	at com.intellij.rt.execution.application.AppMain.main(AppMain.java:134)
 {com.glacier.spider.crawler.pageprocessor.UserPageProcessor.get_user_info(UserPageProcessor.java:239)}
2015-03-29 19:58:11 [ERROR] - java.lang.StringIndexOutOfBoundsException: String index out of range: -1
	at java.lang.String.substring(String.java:1911)
	at com.glacier.spider.crawler.pageprocessor.UserPageProcessor.get_user_info(UserPageProcessor.java:231)
	at com.glacier.spider.crawler.pageprocessor.UserPageProcessor.getUserInfo(UserPageProcessor.java:55)
	at com.glacier.spider.crawler.pageprocessor.SearchPageProcessor.get_search_list(SearchPageProcessor.java:157)
	at com.glacier.spider.crawler.pageprocessor.SearchPageProcessor.getSearchList(SearchPageProcessor.java:57)
	at com.glacier.spider.crawler.Crawler.start(Crawler.java:51)
	at com.glacier.spider.Weibo.main(Weibo.java:18)
	at sun.reflect.NativeMethodAccessorImpl.invoke0(Native Method)
	at sun.reflect.NativeMethodAccessorImpl.invoke(NativeMethodAccessorImpl.java:57)
	at sun.reflect.DelegatingMethodAccessorImpl.invoke(DelegatingMethodAccessorImpl.java:43)
	at java.lang.reflect.Method.invoke(Method.java:606)
	at com.intellij.rt.execution.application.AppMain.main(AppMain.java:134)
 {com.glacier.spider.crawler.pageprocessor.UserPageProcessor.get_user_info(UserPageProcessor.java:239)}
2015-03-29 19:58:12 [INFO] - [解析] 正在获取用户资料... {com.glacier.spider.crawler.pageprocessor.UserPageProcessor.get_user_info(UserPageProcessor.java:158)}
2015-03-29 20:14:39 [INFO] - [Login] 'rrenlixiang@sina.com' 正在登陆... {com.glacier.spider.login.LoginCN.login(LoginCN.java:54)}
2015-03-29 20:14:41 [INFO] - [login] 'rrenlixiang@sina.com' 登陆成功! {com.glacier.spider.login.LoginCN.login(LoginCN.java:99)}
2015-03-29 20:14:42 [INFO] - [解析] 正在获取搜索结果微博... {com.glacier.spider.crawler.pageprocessor.SearchPageProcessor.get_search_list(SearchPageProcessor.java:126)}
2015-03-29 20:14:42 [INFO] - [解析] 正在获取第 1 页 / 100 页 {com.glacier.spider.crawler.pageprocessor.SearchPageProcessor.get_search_list(SearchPageProcessor.java:138)}
2015-03-29 20:14:42 [INFO] - [解析] 当前页解析得到 11 条微博 {com.glacier.spider.crawler.pageprocessor.SearchPageProcessor.get_search_list(SearchPageProcessor.java:140)}
2015-03-29 20:14:43 [INFO] - [解析] 正在获取用户资料... {com.glacier.spider.crawler.pageprocessor.UserPageProcessor.get_user_info(UserPageProcessor.java:158)}
2015-03-29 20:14:43 [ERROR] - java.lang.StringIndexOutOfBoundsException: String index out of range: -1
	at java.lang.String.substring(String.java:1911)
	at com.glacier.spider.crawler.pageprocessor.UserPageProcessor.get_user_info(UserPageProcessor.java:231)
	at com.glacier.spider.crawler.pageprocessor.UserPageProcessor.getUserInfo(UserPageProcessor.java:55)
	at com.glacier.spider.crawler.pageprocessor.SearchPageProcessor.get_search_list(SearchPageProcessor.java:208)
	at com.glacier.spider.crawler.pageprocessor.SearchPageProcessor.getSearchList(SearchPageProcessor.java:108)
	at com.glacier.spider.crawler.Crawler.start(Crawler.java:51)
	at com.glacier.spider.Weibo.main(Weibo.java:18)
	at sun.reflect.NativeMethodAccessorImpl.invoke0(Native Method)
	at sun.reflect.NativeMethodAccessorImpl.invoke(NativeMethodAccessorImpl.java:57)
	at sun.reflect.DelegatingMethodAccessorImpl.invoke(DelegatingMethodAccessorImpl.java:43)
	at java.lang.reflect.Method.invoke(Method.java:606)
	at com.intellij.rt.execution.application.AppMain.main(AppMain.java:134)
 {com.glacier.spider.crawler.pageprocessor.UserPageProcessor.get_user_info(UserPageProcessor.java:239)}
2015-03-29 20:14:43 [ERROR] - java.lang.StringIndexOutOfBoundsException: String index out of range: -1
	at java.lang.String.substring(String.java:1911)
	at com.glacier.spider.crawler.pageprocessor.UserPageProcessor.get_user_info(UserPageProcessor.java:231)
	at com.glacier.spider.crawler.pageprocessor.UserPageProcessor.getUserInfo(UserPageProcessor.java:55)
	at com.glacier.spider.crawler.pageprocessor.SearchPageProcessor.get_search_list(SearchPageProcessor.java:208)
	at com.glacier.spider.crawler.pageprocessor.SearchPageProcessor.getSearchList(SearchPageProcessor.java:108)
	at com.glacier.spider.crawler.Crawler.start(Crawler.java:51)
	at com.glacier.spider.Weibo.main(Weibo.java:18)
	at sun.reflect.NativeMethodAccessorImpl.invoke0(Native Method)
	at sun.reflect.NativeMethodAccessorImpl.invoke(NativeMethodAccessorImpl.java:57)
	at sun.reflect.DelegatingMethodAccessorImpl.invoke(DelegatingMethodAccessorImpl.java:43)
	at java.lang.reflect.Method.invoke(Method.java:606)
	at com.intellij.rt.execution.application.AppMain.main(AppMain.java:134)
 {com.glacier.spider.crawler.pageprocessor.UserPageProcessor.get_user_info(UserPageProcessor.java:239)}
2015-03-29 20:14:44 [INFO] - [解析] 正在获取用户资料... {com.glacier.spider.crawler.pageprocessor.UserPageProcessor.get_user_info(UserPageProcessor.java:158)}
2015-03-29 20:15:27 [INFO] - [Login] 'rlx421186071@163.com' 正在登陆... {com.glacier.spider.login.LoginCN.login(LoginCN.java:54)}
2015-03-29 20:15:30 [INFO] - [login] 'rlx421186071@163.com' 登陆成功! {com.glacier.spider.login.LoginCN.login(LoginCN.java:99)}
2015-03-29 20:15:30 [INFO] - [解析] 正在获取搜索结果微博... {com.glacier.spider.crawler.pageprocessor.SearchPageProcessor.get_search_list(SearchPageProcessor.java:126)}
2015-03-29 20:15:30 [INFO] - [解析] 正在获取第 1 页 / 100 页 {com.glacier.spider.crawler.pageprocessor.SearchPageProcessor.get_search_list(SearchPageProcessor.java:138)}
2015-03-29 20:15:30 [INFO] - [解析] 当前页解析得到 11 条微博 {com.glacier.spider.crawler.pageprocessor.SearchPageProcessor.get_search_list(SearchPageProcessor.java:140)}
2015-03-29 20:15:31 [INFO] - [解析] 正在获取用户资料... {com.glacier.spider.crawler.pageprocessor.UserPageProcessor.get_user_info(UserPageProcessor.java:158)}
2015-03-29 20:15:31 [ERROR] - java.lang.StringIndexOutOfBoundsException: String index out of range: -1
	at java.lang.String.substring(String.java:1911)
	at com.glacier.spider.crawler.pageprocessor.UserPageProcessor.get_user_info(UserPageProcessor.java:231)
	at com.glacier.spider.crawler.pageprocessor.UserPageProcessor.getUserInfo(UserPageProcessor.java:55)
	at com.glacier.spider.crawler.pageprocessor.SearchPageProcessor.get_search_list(SearchPageProcessor.java:208)
	at com.glacier.spider.crawler.pageprocessor.SearchPageProcessor.getSearchList(SearchPageProcessor.java:108)
	at com.glacier.spider.crawler.Crawler.start(Crawler.java:51)
	at com.glacier.spider.Weibo.main(Weibo.java:18)
	at sun.reflect.NativeMethodAccessorImpl.invoke0(Native Method)
	at sun.reflect.NativeMethodAccessorImpl.invoke(NativeMethodAccessorImpl.java:57)
	at sun.reflect.DelegatingMethodAccessorImpl.invoke(DelegatingMethodAccessorImpl.java:43)
	at java.lang.reflect.Method.invoke(Method.java:606)
	at com.intellij.rt.execution.application.AppMain.main(AppMain.java:134)
 {com.glacier.spider.crawler.pageprocessor.UserPageProcessor.get_user_info(UserPageProcessor.java:239)}
2015-03-29 20:15:31 [ERROR] - java.lang.StringIndexOutOfBoundsException: String index out of range: -1
	at java.lang.String.substring(String.java:1911)
	at com.glacier.spider.crawler.pageprocessor.UserPageProcessor.get_user_info(UserPageProcessor.java:231)
	at com.glacier.spider.crawler.pageprocessor.UserPageProcessor.getUserInfo(UserPageProcessor.java:55)
	at com.glacier.spider.crawler.pageprocessor.SearchPageProcessor.get_search_list(SearchPageProcessor.java:208)
	at com.glacier.spider.crawler.pageprocessor.SearchPageProcessor.getSearchList(SearchPageProcessor.java:108)
	at com.glacier.spider.crawler.Crawler.start(Crawler.java:51)
	at com.glacier.spider.Weibo.main(Weibo.java:18)
	at sun.reflect.NativeMethodAccessorImpl.invoke0(Native Method)
	at sun.reflect.NativeMethodAccessorImpl.invoke(NativeMethodAccessorImpl.java:57)
	at sun.reflect.DelegatingMethodAccessorImpl.invoke(DelegatingMethodAccessorImpl.java:43)
	at java.lang.reflect.Method.invoke(Method.java:606)
	at com.intellij.rt.execution.application.AppMain.main(AppMain.java:134)
 {com.glacier.spider.crawler.pageprocessor.UserPageProcessor.get_user_info(UserPageProcessor.java:239)}
2015-03-29 20:17:01 [INFO] - [Login] 'OurHom.759@gmail.com' 正在登陆... {com.glacier.spider.login.LoginCN.login(LoginCN.java:54)}
2015-03-29 20:17:07 [INFO] - [login] 'OurHom.759@gmail.com' 登陆成功! {com.glacier.spider.login.LoginCN.login(LoginCN.java:99)}
2015-03-29 20:17:07 [INFO] - [解析] 正在获取搜索结果微博... {com.glacier.spider.crawler.pageprocessor.SearchPageProcessor.get_search_list(SearchPageProcessor.java:126)}
2015-03-29 20:17:07 [INFO] - [解析] 正在获取第 1 页 / 100 页 {com.glacier.spider.crawler.pageprocessor.SearchPageProcessor.get_search_list(SearchPageProcessor.java:138)}
2015-03-29 20:17:07 [INFO] - [解析] 当前页解析得到 11 条微博 {com.glacier.spider.crawler.pageprocessor.SearchPageProcessor.get_search_list(SearchPageProcessor.java:140)}
2015-03-29 20:17:08 [INFO] - [解析] 正在获取用户资料... {com.glacier.spider.crawler.pageprocessor.UserPageProcessor.get_user_info(UserPageProcessor.java:158)}
2015-03-29 20:17:09 [ERROR] - java.lang.StringIndexOutOfBoundsException: String index out of range: -1
	at java.lang.String.substring(String.java:1911)
	at com.glacier.spider.crawler.pageprocessor.UserPageProcessor.get_user_info(UserPageProcessor.java:231)
	at com.glacier.spider.crawler.pageprocessor.UserPageProcessor.getUserInfo(UserPageProcessor.java:55)
	at com.glacier.spider.crawler.pageprocessor.SearchPageProcessor.get_search_list(SearchPageProcessor.java:208)
	at com.glacier.spider.crawler.pageprocessor.SearchPageProcessor.getSearchList(SearchPageProcessor.java:108)
	at com.glacier.spider.crawler.Crawler.start(Crawler.java:51)
	at com.glacier.spider.Weibo.main(Weibo.java:18)
	at sun.reflect.NativeMethodAccessorImpl.invoke0(Native Method)
	at sun.reflect.NativeMethodAccessorImpl.invoke(NativeMethodAccessorImpl.java:57)
	at sun.reflect.DelegatingMethodAccessorImpl.invoke(DelegatingMethodAccessorImpl.java:43)
	at java.lang.reflect.Method.invoke(Method.java:606)
	at com.intellij.rt.execution.application.AppMain.main(AppMain.java:134)
 {com.glacier.spider.crawler.pageprocessor.UserPageProcessor.get_user_info(UserPageProcessor.java:239)}
2015-03-29 20:17:09 [ERROR] - java.lang.StringIndexOutOfBoundsException: String index out of range: -1
	at java.lang.String.substring(String.java:1911)
	at com.glacier.spider.crawler.pageprocessor.UserPageProcessor.get_user_info(UserPageProcessor.java:231)
	at com.glacier.spider.crawler.pageprocessor.UserPageProcessor.getUserInfo(UserPageProcessor.java:55)
	at com.glacier.spider.crawler.pageprocessor.SearchPageProcessor.get_search_list(SearchPageProcessor.java:208)
	at com.glacier.spider.crawler.pageprocessor.SearchPageProcessor.getSearchList(SearchPageProcessor.java:108)
	at com.glacier.spider.crawler.Crawler.start(Crawler.java:51)
	at com.glacier.spider.Weibo.main(Weibo.java:18)
	at sun.reflect.NativeMethodAccessorImpl.invoke0(Native Method)
	at sun.reflect.NativeMethodAccessorImpl.invoke(NativeMethodAccessorImpl.java:57)
	at sun.reflect.DelegatingMethodAccessorImpl.invoke(DelegatingMethodAccessorImpl.java:43)
	at java.lang.reflect.Method.invoke(Method.java:606)
	at com.intellij.rt.execution.application.AppMain.main(AppMain.java:134)
 {com.glacier.spider.crawler.pageprocessor.UserPageProcessor.get_user_info(UserPageProcessor.java:239)}
2015-03-29 20:17:10 [INFO] - [解析] 正在获取用户资料... {com.glacier.spider.crawler.pageprocessor.UserPageProcessor.get_user_info(UserPageProcessor.java:158)}
2015-03-29 20:17:11 [INFO] - [解析] 正在获取用户资料... {com.glacier.spider.crawler.pageprocessor.UserPageProcessor.get_user_info(UserPageProcessor.java:158)}
2015-03-29 21:41:06 [INFO] - [Login] 'glacierlx@sina.cn' 正在登陆... {com.glacier.spider.login.LoginCN.login(LoginCN.java:54)}
2015-03-29 21:41:08 [INFO] - [login] 'glacierlx@sina.cn' 登陆成功! {com.glacier.spider.login.LoginCN.login(LoginCN.java:99)}
2015-03-29 21:41:09 [INFO] - [解析] 正在获取搜索结果微博... {com.glacier.spider.crawler.pageprocessor.SearchPageProcessor.get_search_list(SearchPageProcessor.java:61)}
2015-03-29 21:41:09 [INFO] - [解析] 正在获取第 1 页 / 100 页 {com.glacier.spider.crawler.pageprocessor.SearchPageProcessor.get_search_list(SearchPageProcessor.java:73)}
2015-03-29 21:41:09 [INFO] - [解析] 当前页解析得到 11 条微博 {com.glacier.spider.crawler.pageprocessor.SearchPageProcessor.get_search_list(SearchPageProcessor.java:75)}
2015-03-29 21:41:10 [INFO] - [解析] 正在获取用户资料... {com.glacier.spider.crawler.pageprocessor.UserPageProcessor.get_user_info(UserPageProcessor.java:158)}
2015-03-29 21:41:11 [ERROR] - java.lang.StringIndexOutOfBoundsException: String index out of range: -1
	at java.lang.String.substring(String.java:1911)
	at com.glacier.spider.crawler.pageprocessor.UserPageProcessor.get_user_info(UserPageProcessor.java:231)
	at com.glacier.spider.crawler.pageprocessor.UserPageProcessor.getUserInfo(UserPageProcessor.java:55)
	at com.glacier.spider.crawler.pageprocessor.SearchPageProcessor.get_search_list(SearchPageProcessor.java:143)
	at com.glacier.spider.crawler.pageprocessor.SearchPageProcessor.getSearchList(SearchPageProcessor.java:45)
	at com.glacier.spider.crawler.Crawler.start(Crawler.java:51)
	at com.glacier.spider.Weibo.main(Weibo.java:18)
	at sun.reflect.NativeMethodAccessorImpl.invoke0(Native Method)
	at sun.reflect.NativeMethodAccessorImpl.invoke(NativeMethodAccessorImpl.java:57)
	at sun.reflect.DelegatingMethodAccessorImpl.invoke(DelegatingMethodAccessorImpl.java:43)
	at java.lang.reflect.Method.invoke(Method.java:606)
	at com.intellij.rt.execution.application.AppMain.main(AppMain.java:134)
 {com.glacier.spider.crawler.pageprocessor.UserPageProcessor.get_user_info(UserPageProcessor.java:239)}
2015-03-29 21:41:11 [ERROR] - java.lang.StringIndexOutOfBoundsException: String index out of range: -1
	at java.lang.String.substring(String.java:1911)
	at com.glacier.spider.crawler.pageprocessor.UserPageProcessor.get_user_info(UserPageProcessor.java:231)
	at com.glacier.spider.crawler.pageprocessor.UserPageProcessor.getUserInfo(UserPageProcessor.java:55)
	at com.glacier.spider.crawler.pageprocessor.SearchPageProcessor.get_search_list(SearchPageProcessor.java:143)
	at com.glacier.spider.crawler.pageprocessor.SearchPageProcessor.getSearchList(SearchPageProcessor.java:45)
	at com.glacier.spider.crawler.Crawler.start(Crawler.java:51)
	at com.glacier.spider.Weibo.main(Weibo.java:18)
	at sun.reflect.NativeMethodAccessorImpl.invoke0(Native Method)
	at sun.reflect.NativeMethodAccessorImpl.invoke(NativeMethodAccessorImpl.java:57)
	at sun.reflect.DelegatingMethodAccessorImpl.invoke(DelegatingMethodAccessorImpl.java:43)
	at java.lang.reflect.Method.invoke(Method.java:606)
	at com.intellij.rt.execution.application.AppMain.main(AppMain.java:134)
 {com.glacier.spider.crawler.pageprocessor.UserPageProcessor.get_user_info(UserPageProcessor.java:239)}
2015-03-29 21:41:12 [INFO] - [解析] 正在获取用户资料... {com.glacier.spider.crawler.pageprocessor.UserPageProcessor.get_user_info(UserPageProcessor.java:158)}
2015-03-29 22:06:33 [INFO] - [Login] 'glacier@xiyoulinux.org' 正在登陆... {com.glacier.spider.login.LoginCN.login(LoginCN.java:54)}
2015-03-29 22:06:35 [INFO] - [login] 'glacier@xiyoulinux.org' 登陆成功! {com.glacier.spider.login.LoginCN.login(LoginCN.java:99)}
2015-03-29 22:06:36 [INFO] - [解析] 正在获取搜索结果微博... {com.glacier.spider.crawler.pageprocessor.SearchPageProcessor.get_search_list(SearchPageProcessor.java:61)}
2015-03-29 22:06:36 [INFO] - [解析] 正在获取第 1 页 / 100 页 {com.glacier.spider.crawler.pageprocessor.SearchPageProcessor.get_search_list(SearchPageProcessor.java:73)}
2015-03-29 22:06:36 [INFO] - [解析] 当前页解析得到 11 条微博 {com.glacier.spider.crawler.pageprocessor.SearchPageProcessor.get_search_list(SearchPageProcessor.java:75)}
2015-03-29 22:06:37 [INFO] - [解析] 正在获取用户资料... {com.glacier.spider.crawler.pageprocessor.UserPageProcessor.get_user_info(UserPageProcessor.java:158)}
2015-03-29 22:06:39 [ERROR] - java.lang.StringIndexOutOfBoundsException: String index out of range: -1
	at java.lang.String.substring(String.java:1911)
	at com.glacier.spider.crawler.pageprocessor.UserPageProcessor.get_user_info(UserPageProcessor.java:231)
	at com.glacier.spider.crawler.pageprocessor.UserPageProcessor.getUserInfo(UserPageProcessor.java:55)
	at com.glacier.spider.crawler.pageprocessor.SearchPageProcessor.get_search_list(SearchPageProcessor.java:143)
	at com.glacier.spider.crawler.pageprocessor.SearchPageProcessor.getSearchList(SearchPageProcessor.java:45)
	at com.glacier.spider.crawler.Crawler.start(Crawler.java:51)
	at com.glacier.spider.Weibo.main(Weibo.java:18)
	at sun.reflect.NativeMethodAccessorImpl.invoke0(Native Method)
	at sun.reflect.NativeMethodAccessorImpl.invoke(NativeMethodAccessorImpl.java:57)
	at sun.reflect.DelegatingMethodAccessorImpl.invoke(DelegatingMethodAccessorImpl.java:43)
	at java.lang.reflect.Method.invoke(Method.java:606)
	at com.intellij.rt.execution.application.AppMain.main(AppMain.java:134)
 {com.glacier.spider.crawler.pageprocessor.UserPageProcessor.get_user_info(UserPageProcessor.java:239)}
2015-03-29 22:06:39 [ERROR] - java.lang.StringIndexOutOfBoundsException: String index out of range: -1
	at java.lang.String.substring(String.java:1911)
	at com.glacier.spider.crawler.pageprocessor.UserPageProcessor.get_user_info(UserPageProcessor.java:231)
	at com.glacier.spider.crawler.pageprocessor.UserPageProcessor.getUserInfo(UserPageProcessor.java:55)
	at com.glacier.spider.crawler.pageprocessor.SearchPageProcessor.get_search_list(SearchPageProcessor.java:143)
	at com.glacier.spider.crawler.pageprocessor.SearchPageProcessor.getSearchList(SearchPageProcessor.java:45)
	at com.glacier.spider.crawler.Crawler.start(Crawler.java:51)
	at com.glacier.spider.Weibo.main(Weibo.java:18)
	at sun.reflect.NativeMethodAccessorImpl.invoke0(Native Method)
	at sun.reflect.NativeMethodAccessorImpl.invoke(NativeMethodAccessorImpl.java:57)
	at sun.reflect.DelegatingMethodAccessorImpl.invoke(DelegatingMethodAccessorImpl.java:43)
	at java.lang.reflect.Method.invoke(Method.java:606)
	at com.intellij.rt.execution.application.AppMain.main(AppMain.java:134)
 {com.glacier.spider.crawler.pageprocessor.UserPageProcessor.get_user_info(UserPageProcessor.java:239)}
2015-03-29 22:06:40 [INFO] - [保存成功] - /home/glacier/Java/IDE/IDEA/IdeaProjects/SpiderConfig/1427637999988.xml {com.glacier.spider.crawler.pipeline.SearchAns.save4xml(SearchAns.java:68)}
2015-03-29 22:06:41 [INFO] - [解析] 正在获取用户资料... {com.glacier.spider.crawler.pageprocessor.UserPageProcessor.get_user_info(UserPageProcessor.java:158)}
2015-03-29 22:06:41 [INFO] - [保存成功] - /home/glacier/Java/IDE/IDEA/IdeaProjects/SpiderConfig/1427638001926.xml {com.glacier.spider.crawler.pipeline.SearchAns.save4xml(SearchAns.java:68)}
2015-03-29 22:06:42 [INFO] - [解析] 正在获取用户资料... {com.glacier.spider.crawler.pageprocessor.UserPageProcessor.get_user_info(UserPageProcessor.java:158)}
2015-03-29 22:06:42 [INFO] - [保存成功] - /home/glacier/Java/IDE/IDEA/IdeaProjects/SpiderConfig/1427638002885.xml {com.glacier.spider.crawler.pipeline.SearchAns.save4xml(SearchAns.java:68)}
2015-03-29 22:06:43 [INFO] - [解析] 正在获取用户资料... {com.glacier.spider.crawler.pageprocessor.UserPageProcessor.get_user_info(UserPageProcessor.java:158)}
2015-03-29 22:06:44 [INFO] - [保存成功] - /home/glacier/Java/IDE/IDEA/IdeaProjects/SpiderConfig/1427638004060.xml {com.glacier.spider.crawler.pipeline.SearchAns.save4xml(SearchAns.java:68)}
