2014-12-18 18:47:58 [ERROR] - org.apache.ibatis.exceptions.PersistenceException: 
### Error querying database.  Cause: com.mysql.jdbc.exceptions.jdbc4.CommunicationsException: Communications link failure

The last packet sent successfully to the server was 0 milliseconds ago. The driver has not received any packets from the server.
### The error may exist in sqlmap/sqlmap-accounts.xml
### The error may involve com.glacier.spider.crawler.pipeline.MysqlOperation.getAccounts
### The error occurred while executing a query
### Cause: com.mysql.jdbc.exceptions.jdbc4.CommunicationsException: Communications link failure

The last packet sent successfully to the server was 0 milliseconds ago. The driver has not received any packets from the server.
	at org.apache.ibatis.exceptions.ExceptionFactory.wrapException(ExceptionFactory.java:23)
	at org.apache.ibatis.session.defaults.DefaultSqlSession.selectList(DefaultSqlSession.java:104)
	at org.apache.ibatis.session.defaults.DefaultSqlSession.selectList(DefaultSqlSession.java:95)
	at org.apache.ibatis.session.defaults.DefaultSqlSession.selectOne(DefaultSqlSession.java:59)
	at org.apache.ibatis.binding.MapperMethod.execute(MapperMethod.java:95)
	at org.apache.ibatis.binding.MapperProxy.invoke(MapperProxy.java:40)
	at com.sun.proxy.$Proxy0.getAccounts(Unknown Source)
	at com.glacier.spider.login.GetAccounts.accounts(GetAccounts.java:43)
	at com.glacier.spider.crawler.Crawler.start(Crawler.java:25)
	at com.glacier.spider.Weibo.main(Weibo.java:16)
	at sun.reflect.NativeMethodAccessorImpl.invoke0(Native Method)
	at sun.reflect.NativeMethodAccessorImpl.invoke(NativeMethodAccessorImpl.java:57)
	at sun.reflect.DelegatingMethodAccessorImpl.invoke(DelegatingMethodAccessorImpl.java:43)
	at java.lang.reflect.Method.invoke(Method.java:606)
	at com.intellij.rt.execution.application.AppMain.main(AppMain.java:134)
Caused by: com.mysql.jdbc.exceptions.jdbc4.CommunicationsException: Communications link failure

The last packet sent successfully to the server was 0 milliseconds ago. The driver has not received any packets from the server.
	at sun.reflect.NativeConstructorAccessorImpl.newInstance0(Native Method)
	at sun.reflect.NativeConstructorAccessorImpl.newInstance(NativeConstructorAccessorImpl.java:57)
	at sun.reflect.DelegatingConstructorAccessorImpl.newInstance(DelegatingConstructorAccessorImpl.java:45)
	at java.lang.reflect.Constructor.newInstance(Constructor.java:526)
	at com.mysql.jdbc.Util.handleNewInstance(Util.java:408)
	at com.mysql.jdbc.SQLError.createCommunicationsException(SQLError.java:1137)
	at com.mysql.jdbc.MysqlIO.<init>(MysqlIO.java:355)
	at com.mysql.jdbc.ConnectionImpl.coreConnect(ConnectionImpl.java:2490)
	at com.mysql.jdbc.ConnectionImpl.connectOneTryOnly(ConnectionImpl.java:2527)
	at com.mysql.jdbc.ConnectionImpl.createNewIO(ConnectionImpl.java:2309)
	at com.mysql.jdbc.ConnectionImpl.<init>(ConnectionImpl.java:834)
	at com.mysql.jdbc.JDBC4Connection.<init>(JDBC4Connection.java:46)
	at sun.reflect.NativeConstructorAccessorImpl.newInstance0(Native Method)
	at sun.reflect.NativeConstructorAccessorImpl.newInstance(NativeConstructorAccessorImpl.java:57)
	at sun.reflect.DelegatingConstructorAccessorImpl.newInstance(DelegatingConstructorAccessorImpl.java:45)
	at java.lang.reflect.Constructor.newInstance(Constructor.java:526)
	at com.mysql.jdbc.Util.handleNewInstance(Util.java:408)
	at com.mysql.jdbc.ConnectionImpl.getInstance(ConnectionImpl.java:419)
	at com.mysql.jdbc.NonRegisteringDriver.connect(NonRegisteringDriver.java:344)
	at java.sql.DriverManager.getConnection(DriverManager.java:571)
	at java.sql.DriverManager.getConnection(DriverManager.java:187)
	at org.apache.ibatis.datasource.unpooled.UnpooledDataSource.doGetConnection(UnpooledDataSource.java:181)
	at org.apache.ibatis.datasource.unpooled.UnpooledDataSource.doGetConnection(UnpooledDataSource.java:176)
	at org.apache.ibatis.datasource.unpooled.UnpooledDataSource.getConnection(UnpooledDataSource.java:80)
	at org.apache.ibatis.datasource.pooled.PooledDataSource.popConnection(PooledDataSource.java:371)
	at org.apache.ibatis.datasource.pooled.PooledDataSource.getConnection(PooledDataSource.java:80)
	at org.apache.ibatis.transaction.jdbc.JdbcTransaction.openConnection(JdbcTransaction.java:131)
	at org.apache.ibatis.transaction.jdbc.JdbcTransaction.getConnection(JdbcTransaction.java:58)
	at org.apache.ibatis.executor.BaseExecutor.getConnection(BaseExecutor.java:279)
	at org.apache.ibatis.executor.SimpleExecutor.prepareStatement(SimpleExecutor.java:69)
	at org.apache.ibatis.executor.SimpleExecutor.doQuery(SimpleExecutor.java:56)
	at org.apache.ibatis.executor.BaseExecutor.queryFromDatabase(BaseExecutor.java:267)
	at org.apache.ibatis.executor.BaseExecutor.query(BaseExecutor.java:141)
	at org.apache.ibatis.executor.CachingExecutor.query(CachingExecutor.java:105)
	at org.apache.ibatis.executor.CachingExecutor.query(CachingExecutor.java:81)
	at org.apache.ibatis.session.defaults.DefaultSqlSession.selectList(DefaultSqlSession.java:101)
	... 13 more
Caused by: java.net.ConnectException: 拒绝连接
	at java.net.PlainSocketImpl.socketConnect(Native Method)
	at java.net.AbstractPlainSocketImpl.doConnect(AbstractPlainSocketImpl.java:339)
	at java.net.AbstractPlainSocketImpl.connectToAddress(AbstractPlainSocketImpl.java:200)
	at java.net.AbstractPlainSocketImpl.connect(AbstractPlainSocketImpl.java:182)
	at java.net.SocksSocketImpl.connect(SocksSocketImpl.java:392)
	at java.net.Socket.connect(Socket.java:579)
	at java.net.Socket.connect(Socket.java:528)
	at java.net.Socket.<init>(Socket.java:425)
	at java.net.Socket.<init>(Socket.java:241)
	at com.mysql.jdbc.StandardSocketFactory.connect(StandardSocketFactory.java:258)
	at com.mysql.jdbc.MysqlIO.<init>(MysqlIO.java:305)
	... 42 more
 {com.glacier.spider.login.GetAccounts.accounts(GetAccounts.java:51)}
2014-12-18 18:48:23 [INFO] - [Login] '1498781360@qq.com' 正在登陆... {com.glacier.spider.login.LoginCN.login(LoginCN.java:39)}
2014-12-18 18:48:26 [INFO] - [login] '1498781360@qq.com' 登陆成功! {com.glacier.spider.login.LoginCN.login(LoginCN.java:79)}
2014-12-18 18:57:52 [INFO] - [Login] '2726492626@qq.com' 正在登陆... {com.glacier.spider.login.LoginCN.login(LoginCN.java:39)}
2014-12-18 18:57:55 [INFO] - [login] '2726492626@qq.com' 登陆成功! {com.glacier.spider.login.LoginCN.login(LoginCN.java:79)}
2014-12-18 18:57:56 [INFO] - [解析] 正在获取用户微博... {com.glacier.spider.crawler.pageprocessor.UserPageProcessor.getWeibo(UserPageProcessor.java:142)}
2014-12-18 18:57:56 [INFO] - [解析] 正在获取第 1 页 / 1 页 {com.glacier.spider.crawler.pageprocessor.UserPageProcessor.getWeibo(UserPageProcessor.java:155)}
2014-12-18 18:57:56 [INFO] - [解析] 当前页解析得到 0 条微博 {com.glacier.spider.crawler.pageprocessor.UserPageProcessor.getWeibo(UserPageProcessor.java:157)}
2014-12-18 18:57:56 [ERROR] - java.lang.NullPointerException
	at com.glacier.spider.crawler.pageprocessor.UserPageProcessor.next(UserPageProcessor.java:228)
	at com.glacier.spider.crawler.pageprocessor.UserPageProcessor.getWeibo(UserPageProcessor.java:216)
	at com.glacier.spider.crawler.Crawler.start(Crawler.java:31)
	at com.glacier.spider.Weibo.main(Weibo.java:16)
	at sun.reflect.NativeMethodAccessorImpl.invoke0(Native Method)
	at sun.reflect.NativeMethodAccessorImpl.invoke(NativeMethodAccessorImpl.java:57)
	at sun.reflect.DelegatingMethodAccessorImpl.invoke(DelegatingMethodAccessorImpl.java:43)
	at java.lang.reflect.Method.invoke(Method.java:606)
	at com.intellij.rt.execution.application.AppMain.main(AppMain.java:134)
 {com.glacier.spider.crawler.pageprocessor.UserPageProcessor.next(UserPageProcessor.java:234)}
2014-12-18 18:58:36 [INFO] - [Login] '1825682313@qq.com' 正在登陆... {com.glacier.spider.login.LoginCN.login(LoginCN.java:39)}
2014-12-18 18:58:38 [INFO] - [login] '1825682313@qq.com' 登陆成功! {com.glacier.spider.login.LoginCN.login(LoginCN.java:79)}
2014-12-18 18:58:39 [INFO] - [解析] 正在获取用户微博... {com.glacier.spider.crawler.pageprocessor.UserPageProcessor.getWeibo(UserPageProcessor.java:142)}
2014-12-18 18:58:39 [INFO] - [解析] 正在获取第 1 页 / 1 页 {com.glacier.spider.crawler.pageprocessor.UserPageProcessor.getWeibo(UserPageProcessor.java:155)}
2014-12-18 18:58:39 [INFO] - [解析] 当前页解析得到 0 条微博 {com.glacier.spider.crawler.pageprocessor.UserPageProcessor.getWeibo(UserPageProcessor.java:157)}
2014-12-18 18:58:39 [ERROR] - java.lang.NullPointerException
	at com.glacier.spider.crawler.pageprocessor.UserPageProcessor.next(UserPageProcessor.java:228)
	at com.glacier.spider.crawler.pageprocessor.UserPageProcessor.getWeibo(UserPageProcessor.java:216)
	at com.glacier.spider.crawler.Crawler.start(Crawler.java:31)
	at com.glacier.spider.Weibo.main(Weibo.java:16)
	at sun.reflect.NativeMethodAccessorImpl.invoke0(Native Method)
	at sun.reflect.NativeMethodAccessorImpl.invoke(NativeMethodAccessorImpl.java:57)
	at sun.reflect.DelegatingMethodAccessorImpl.invoke(DelegatingMethodAccessorImpl.java:43)
	at java.lang.reflect.Method.invoke(Method.java:606)
	at com.intellij.rt.execution.application.AppMain.main(AppMain.java:134)
 {com.glacier.spider.crawler.pageprocessor.UserPageProcessor.next(UserPageProcessor.java:234)}
2014-12-18 18:59:24 [INFO] - [Login] 'xy_lr_92@126.com' 正在登陆... {com.glacier.spider.login.LoginCN.login(LoginCN.java:39)}
2014-12-18 18:59:26 [INFO] - [login] 'xy_lr_92@126.com' 登陆成功! {com.glacier.spider.login.LoginCN.login(LoginCN.java:79)}
2014-12-18 18:59:27 [INFO] - [解析] 正在获取用户微博... {com.glacier.spider.crawler.pageprocessor.UserPageProcessor.getWeibo(UserPageProcessor.java:142)}
2014-12-18 18:59:27 [INFO] - [解析] 正在获取第 1 页 / 1 页 {com.glacier.spider.crawler.pageprocessor.UserPageProcessor.getWeibo(UserPageProcessor.java:155)}
2014-12-18 18:59:27 [INFO] - [解析] 当前页解析得到 0 条微博 {com.glacier.spider.crawler.pageprocessor.UserPageProcessor.getWeibo(UserPageProcessor.java:157)}
2014-12-18 18:59:27 [ERROR] - java.lang.NullPointerException
	at com.glacier.spider.crawler.pageprocessor.UserPageProcessor.next(UserPageProcessor.java:228)
	at com.glacier.spider.crawler.pageprocessor.UserPageProcessor.getWeibo(UserPageProcessor.java:216)
	at com.glacier.spider.crawler.Crawler.start(Crawler.java:32)
	at com.glacier.spider.Weibo.main(Weibo.java:16)
	at sun.reflect.NativeMethodAccessorImpl.invoke0(Native Method)
	at sun.reflect.NativeMethodAccessorImpl.invoke(NativeMethodAccessorImpl.java:57)
	at sun.reflect.DelegatingMethodAccessorImpl.invoke(DelegatingMethodAccessorImpl.java:43)
	at java.lang.reflect.Method.invoke(Method.java:606)
	at com.intellij.rt.execution.application.AppMain.main(AppMain.java:134)
 {com.glacier.spider.crawler.pageprocessor.UserPageProcessor.next(UserPageProcessor.java:234)}
2014-12-18 19:00:00 [INFO] - [Login] 'xylr92@126.com' 正在登陆... {com.glacier.spider.login.LoginCN.login(LoginCN.java:39)}
2014-12-18 19:00:03 [INFO] - [login] 'xylr92@126.com' 登陆成功! {com.glacier.spider.login.LoginCN.login(LoginCN.java:79)}
2014-12-18 19:00:04 [INFO] - [解析] 正在获取用户微博... {com.glacier.spider.crawler.pageprocessor.UserPageProcessor.getWeibo(UserPageProcessor.java:142)}
2014-12-18 19:00:04 [INFO] - [解析] 正在获取第 1 页 / 1058 页 {com.glacier.spider.crawler.pageprocessor.UserPageProcessor.getWeibo(UserPageProcessor.java:155)}
2014-12-18 19:00:04 [INFO] - [解析] 当前页解析得到 5 条微博 {com.glacier.spider.crawler.pageprocessor.UserPageProcessor.getWeibo(UserPageProcessor.java:157)}
2014-12-18 19:00:04 [INFO] - [解析] 正在获取第 2 页 / 1058 页 {com.glacier.spider.crawler.pageprocessor.UserPageProcessor.getWeibo(UserPageProcessor.java:155)}
2014-12-18 19:00:04 [INFO] - [解析] 当前页解析得到 5 条微博 {com.glacier.spider.crawler.pageprocessor.UserPageProcessor.getWeibo(UserPageProcessor.java:157)}
2014-12-18 19:00:05 [INFO] - [解析] 正在获取第 3 页 / 1058 页 {com.glacier.spider.crawler.pageprocessor.UserPageProcessor.getWeibo(UserPageProcessor.java:155)}
2014-12-18 19:00:05 [INFO] - [解析] 当前页解析得到 5 条微博 {com.glacier.spider.crawler.pageprocessor.UserPageProcessor.getWeibo(UserPageProcessor.java:157)}
2014-12-18 19:00:05 [INFO] - [解析] 正在获取第 4 页 / 1058 页 {com.glacier.spider.crawler.pageprocessor.UserPageProcessor.getWeibo(UserPageProcessor.java:155)}
2014-12-18 19:00:05 [INFO] - [解析] 当前页解析得到 5 条微博 {com.glacier.spider.crawler.pageprocessor.UserPageProcessor.getWeibo(UserPageProcessor.java:157)}
2014-12-18 19:00:06 [INFO] - [解析] 正在获取第 5 页 / 1058 页 {com.glacier.spider.crawler.pageprocessor.UserPageProcessor.getWeibo(UserPageProcessor.java:155)}
2014-12-18 19:00:06 [INFO] - [解析] 当前页解析得到 5 条微博 {com.glacier.spider.crawler.pageprocessor.UserPageProcessor.getWeibo(UserPageProcessor.java:157)}
2014-12-18 19:00:06 [INFO] - [解析] 正在获取第 6 页 / 1058 页 {com.glacier.spider.crawler.pageprocessor.UserPageProcessor.getWeibo(UserPageProcessor.java:155)}
2014-12-18 19:00:06 [INFO] - [解析] 当前页解析得到 5 条微博 {com.glacier.spider.crawler.pageprocessor.UserPageProcessor.getWeibo(UserPageProcessor.java:157)}
2014-12-18 19:00:07 [INFO] - [解析] 正在获取第 7 页 / 1058 页 {com.glacier.spider.crawler.pageprocessor.UserPageProcessor.getWeibo(UserPageProcessor.java:155)}
2014-12-18 19:00:07 [INFO] - [解析] 当前页解析得到 5 条微博 {com.glacier.spider.crawler.pageprocessor.UserPageProcessor.getWeibo(UserPageProcessor.java:157)}
2014-12-18 19:00:21 [INFO] - [Login] '18092794430' 正在登陆... {com.glacier.spider.login.LoginCN.login(LoginCN.java:39)}
2014-12-18 19:00:25 [INFO] - [login] '18092794430' 登陆成功! {com.glacier.spider.login.LoginCN.login(LoginCN.java:79)}
2014-12-18 19:00:25 [INFO] - [解析] 正在获取用户微博... {com.glacier.spider.crawler.pageprocessor.UserPageProcessor.getWeibo(UserPageProcessor.java:142)}
2014-12-18 19:00:25 [INFO] - [解析] 正在获取第 1 页 / 1 页 {com.glacier.spider.crawler.pageprocessor.UserPageProcessor.getWeibo(UserPageProcessor.java:155)}
2014-12-18 19:00:25 [INFO] - [解析] 当前页解析得到 0 条微博 {com.glacier.spider.crawler.pageprocessor.UserPageProcessor.getWeibo(UserPageProcessor.java:157)}
2014-12-18 19:00:25 [ERROR] - java.lang.NullPointerException
	at com.glacier.spider.crawler.pageprocessor.UserPageProcessor.next(UserPageProcessor.java:228)
	at com.glacier.spider.crawler.pageprocessor.UserPageProcessor.getWeibo(UserPageProcessor.java:216)
	at com.glacier.spider.crawler.Crawler.start(Crawler.java:32)
	at com.glacier.spider.Weibo.main(Weibo.java:16)
	at sun.reflect.NativeMethodAccessorImpl.invoke0(Native Method)
	at sun.reflect.NativeMethodAccessorImpl.invoke(NativeMethodAccessorImpl.java:57)
	at sun.reflect.DelegatingMethodAccessorImpl.invoke(DelegatingMethodAccessorImpl.java:43)
	at java.lang.reflect.Method.invoke(Method.java:606)
	at com.intellij.rt.execution.application.AppMain.main(AppMain.java:134)
 {com.glacier.spider.crawler.pageprocessor.UserPageProcessor.next(UserPageProcessor.java:234)}
2014-12-18 19:18:21 [INFO] - [Login] '13289212979' 正在登陆... {com.glacier.spider.login.LoginCN.login(LoginCN.java:39)}
2014-12-18 19:18:24 [INFO] - [login] '13289212979' 登陆成功! {com.glacier.spider.login.LoginCN.login(LoginCN.java:79)}
2014-12-18 19:18:25 [INFO] - [解析] 正在获取用户微博... {com.glacier.spider.crawler.pageprocessor.UserPageProcessor.getWeibo(UserPageProcessor.java:142)}
2014-12-18 19:18:25 [INFO] - [解析] 正在获取第 1 页 / 1058 页 {com.glacier.spider.crawler.pageprocessor.UserPageProcessor.getWeibo(UserPageProcessor.java:155)}
2014-12-18 19:18:25 [INFO] - [解析] 当前页解析得到 5 条微博 {com.glacier.spider.crawler.pageprocessor.UserPageProcessor.getWeibo(UserPageProcessor.java:157)}
2014-12-18 19:18:25 [INFO] - [解析] 正在获取第 2 页 / 1058 页 {com.glacier.spider.crawler.pageprocessor.UserPageProcessor.getWeibo(UserPageProcessor.java:155)}
2014-12-18 19:18:25 [INFO] - [解析] 当前页解析得到 5 条微博 {com.glacier.spider.crawler.pageprocessor.UserPageProcessor.getWeibo(UserPageProcessor.java:157)}
2014-12-18 19:18:25 [INFO] - [解析] 正在获取第 3 页 / 1058 页 {com.glacier.spider.crawler.pageprocessor.UserPageProcessor.getWeibo(UserPageProcessor.java:155)}
2014-12-18 19:18:25 [INFO] - [解析] 当前页解析得到 5 条微博 {com.glacier.spider.crawler.pageprocessor.UserPageProcessor.getWeibo(UserPageProcessor.java:157)}
2014-12-18 19:33:47 [INFO] - [Login] '421186071rlx@sina.com' 正在登陆... {com.glacier.spider.login.LoginCN.login(LoginCN.java:39)}
2014-12-18 19:33:52 [INFO] - [login] '421186071rlx@sina.com' 登陆成功! {com.glacier.spider.login.LoginCN.login(LoginCN.java:79)}
2014-12-18 19:33:54 [INFO] - [解析] 正在获取用户资料... {com.glacier.spider.crawler.pageprocessor.UserPageProcessor.getUserInfo(UserPageProcessor.java:80)}
2014-12-18 19:38:09 [INFO] - [Login] 'rlx421186071@sina.com' 正在登陆... {com.glacier.spider.login.LoginCN.login(LoginCN.java:39)}
2014-12-18 19:38:12 [INFO] - [login] 'rlx421186071@sina.com' 登陆成功! {com.glacier.spider.login.LoginCN.login(LoginCN.java:79)}
2014-12-18 19:38:13 [INFO] - [解析] 正在获取用户资料... {com.glacier.spider.crawler.pageprocessor.UserPageProcessor.getUserInfo(UserPageProcessor.java:80)}
2014-12-18 19:39:02 [INFO] - [Login] '421186071rlx@sina.cn' 正在登陆... {com.glacier.spider.login.LoginCN.login(LoginCN.java:39)}
2014-12-18 19:39:04 [INFO] - [login] '421186071rlx@sina.cn' 登陆成功! {com.glacier.spider.login.LoginCN.login(LoginCN.java:79)}
2014-12-18 19:39:05 [INFO] - [解析] 正在获取用户资料... {com.glacier.spider.crawler.pageprocessor.UserPageProcessor.getUserInfo(UserPageProcessor.java:80)}
2014-12-18 19:41:32 [INFO] - [Login] 'rrenlixiang@163.com' 正在登陆... {com.glacier.spider.login.LoginCN.login(LoginCN.java:39)}
2014-12-18 19:41:35 [INFO] - [login] 'rrenlixiang@163.com' 登陆成功! {com.glacier.spider.login.LoginCN.login(LoginCN.java:79)}
2014-12-18 19:41:36 [INFO] - [解析] 正在获取用户资料... {com.glacier.spider.crawler.pageprocessor.UserPageProcessor.getUserInfo(UserPageProcessor.java:80)}
2014-12-18 19:41:47 [INFO] - [Login] 'rrenlixiang@sina.com' 正在登陆... {com.glacier.spider.login.LoginCN.login(LoginCN.java:39)}
2014-12-18 19:41:50 [INFO] - [login] 'rrenlixiang@sina.com' 登陆成功! {com.glacier.spider.login.LoginCN.login(LoginCN.java:79)}
2014-12-18 19:41:51 [INFO] - [解析] 正在获取用户资料... {com.glacier.spider.crawler.pageprocessor.UserPageProcessor.getUserInfo(UserPageProcessor.java:80)}
2014-12-18 20:53:26 [INFO] - [Login] 'rlx421186071@163.com' 正在登陆... {com.glacier.spider.login.LoginCN.login(LoginCN.java:39)}
2014-12-18 20:53:35 [INFO] - [login] 'rlx421186071@163.com' 登陆成功! {com.glacier.spider.login.LoginCN.login(LoginCN.java:79)}
2014-12-18 20:58:55 [INFO] - [Login] 'OurHom.759@gmail.com' 正在登陆... {com.glacier.spider.login.LoginCN.login(LoginCN.java:39)}
2014-12-18 20:59:04 [INFO] - [login] 'OurHom.759@gmail.com' 登陆成功! {com.glacier.spider.login.LoginCN.login(LoginCN.java:79)}
2014-12-18 20:59:04 [INFO] - [解析] 正在获取用户微博... {com.glacier.spider.crawler.pageprocessor.UserPageProcessor.getWeibo(UserPageProcessor.java:164)}
2014-12-18 20:59:04 [INFO] - [解析] 正在获取第 1 页 / 100 页 {com.glacier.spider.crawler.pageprocessor.UserPageProcessor.getWeibo(UserPageProcessor.java:176)}
2014-12-18 20:59:04 [INFO] - [解析] 当前页解析得到 11 条微博 {com.glacier.spider.crawler.pageprocessor.UserPageProcessor.getWeibo(UserPageProcessor.java:178)}
2014-12-18 20:59:04 [ERROR] - java.lang.StringIndexOutOfBoundsException: String index out of range: -1
	at java.lang.String.substring(String.java:1911)
	at com.glacier.spider.crawler.pageprocessor.UserPageProcessor.getWeibo(UserPageProcessor.java:187)
	at com.glacier.spider.crawler.pageprocessor.SearchPageProcessor.getSearchList(SearchPageProcessor.java:11)
	at com.glacier.spider.crawler.Crawler.start(Crawler.java:32)
	at com.glacier.spider.Weibo.main(Weibo.java:16)
	at sun.reflect.NativeMethodAccessorImpl.invoke0(Native Method)
	at sun.reflect.NativeMethodAccessorImpl.invoke(NativeMethodAccessorImpl.java:57)
	at sun.reflect.DelegatingMethodAccessorImpl.invoke(DelegatingMethodAccessorImpl.java:43)
	at java.lang.reflect.Method.invoke(Method.java:606)
	at com.intellij.rt.execution.application.AppMain.main(AppMain.java:134)
 {com.glacier.spider.crawler.pageprocessor.UserPageProcessor.getWeibo(UserPageProcessor.java:243)}
2014-12-18 21:29:40 [INFO] - [Login] 'glacierlx@sina.cn' 正在登陆... {com.glacier.spider.login.LoginCN.login(LoginCN.java:39)}
2014-12-18 21:29:49 [INFO] - [login] 'glacierlx@sina.cn' 登陆成功! {com.glacier.spider.login.LoginCN.login(LoginCN.java:79)}
2014-12-18 21:31:07 [INFO] - [Login] 'glacier@xiyoulinux.org' 正在登陆... {com.glacier.spider.login.LoginCN.login(LoginCN.java:39)}
2014-12-18 21:31:09 [INFO] - [login] 'glacier@xiyoulinux.org' 登陆成功! {com.glacier.spider.login.LoginCN.login(LoginCN.java:79)}
2014-12-18 21:37:10 [INFO] - [Login] 'rlx421186071@sina.cn' 正在登陆... {com.glacier.spider.login.LoginCN.login(LoginCN.java:39)}
2014-12-18 21:37:16 [INFO] - [login] 'rlx421186071@sina.cn' 登陆成功! {com.glacier.spider.login.LoginCN.login(LoginCN.java:79)}
2014-12-18 21:37:17 [ERROR] - java.lang.StringIndexOutOfBoundsException: String index out of range: -1
	at java.lang.String.substring(String.java:1911)
	at com.glacier.spider.crawler.pageprocessor.SearchPageProcessor.getSearchList(SearchPageProcessor.java:63)
	at com.glacier.spider.crawler.Crawler.start(Crawler.java:31)
	at com.glacier.spider.Weibo.main(Weibo.java:16)
	at sun.reflect.NativeMethodAccessorImpl.invoke0(Native Method)
	at sun.reflect.NativeMethodAccessorImpl.invoke(NativeMethodAccessorImpl.java:57)
	at sun.reflect.DelegatingMethodAccessorImpl.invoke(DelegatingMethodAccessorImpl.java:43)
	at java.lang.reflect.Method.invoke(Method.java:606)
	at com.intellij.rt.execution.application.AppMain.main(AppMain.java:134)
 {com.glacier.spider.crawler.pageprocessor.SearchPageProcessor.getSearchList(SearchPageProcessor.java:83)}
2014-12-18 21:39:21 [INFO] - [Login] 'glacier421186071@163.com' 正在登陆... {com.glacier.spider.login.LoginCN.login(LoginCN.java:39)}
2014-12-18 21:39:24 [INFO] - [login] 'glacier421186071@163.com' 登陆成功! {com.glacier.spider.login.LoginCN.login(LoginCN.java:79)}
2014-12-18 21:39:25 [ERROR] - java.lang.StringIndexOutOfBoundsException: String index out of range: -1
	at java.lang.String.substring(String.java:1911)
	at com.glacier.spider.crawler.pageprocessor.SearchPageProcessor.getSearchList(SearchPageProcessor.java:64)
	at com.glacier.spider.crawler.Crawler.start(Crawler.java:31)
	at com.glacier.spider.Weibo.main(Weibo.java:16)
	at sun.reflect.NativeMethodAccessorImpl.invoke0(Native Method)
	at sun.reflect.NativeMethodAccessorImpl.invoke(NativeMethodAccessorImpl.java:57)
	at sun.reflect.DelegatingMethodAccessorImpl.invoke(DelegatingMethodAccessorImpl.java:43)
	at java.lang.reflect.Method.invoke(Method.java:606)
	at com.intellij.rt.execution.application.AppMain.main(AppMain.java:134)
 {com.glacier.spider.crawler.pageprocessor.SearchPageProcessor.getSearchList(SearchPageProcessor.java:84)}
2014-12-18 21:43:24 [INFO] - [Login] 'glacier421186071@sina.com' 正在登陆... {com.glacier.spider.login.LoginCN.login(LoginCN.java:39)}
2014-12-18 21:43:33 [INFO] - [login] 'glacier421186071@sina.com' 登陆成功! {com.glacier.spider.login.LoginCN.login(LoginCN.java:79)}
2014-12-18 21:52:05 [INFO] - [Login] 'rrenlixiang@sina.cn' 正在登陆... {com.glacier.spider.login.LoginCN.login(LoginCN.java:39)}
2014-12-18 21:52:07 [INFO] - [login] 'rrenlixiang@sina.cn' 登陆成功! {com.glacier.spider.login.LoginCN.login(LoginCN.java:79)}
2014-12-18 21:52:08 [INFO] - [解析] 当前页解析得到 11 条微博 {com.glacier.spider.crawler.pageprocessor.SearchPageProcessor.getSearchList(SearchPageProcessor.java:24)}
2014-12-18 21:52:09 [INFO] - [解析] 当前页解析得到 10 条微博 {com.glacier.spider.crawler.pageprocessor.SearchPageProcessor.getSearchList(SearchPageProcessor.java:24)}
2014-12-18 21:52:09 [INFO] - [解析] 当前页解析得到 10 条微博 {com.glacier.spider.crawler.pageprocessor.SearchPageProcessor.getSearchList(SearchPageProcessor.java:24)}
2014-12-18 21:52:10 [INFO] - [解析] 当前页解析得到 10 条微博 {com.glacier.spider.crawler.pageprocessor.SearchPageProcessor.getSearchList(SearchPageProcessor.java:24)}
2014-12-18 21:52:10 [INFO] - [解析] 当前页解析得到 10 条微博 {com.glacier.spider.crawler.pageprocessor.SearchPageProcessor.getSearchList(SearchPageProcessor.java:24)}
2014-12-18 21:52:11 [INFO] - [解析] 当前页解析得到 10 条微博 {com.glacier.spider.crawler.pageprocessor.SearchPageProcessor.getSearchList(SearchPageProcessor.java:24)}
2014-12-18 21:52:11 [INFO] - [解析] 当前页解析得到 10 条微博 {com.glacier.spider.crawler.pageprocessor.SearchPageProcessor.getSearchList(SearchPageProcessor.java:24)}
2014-12-18 21:59:28 [INFO] - [Login] 'rleehom@sina.cn' 正在登陆... {com.glacier.spider.login.LoginCN.login(LoginCN.java:39)}
2014-12-18 21:59:33 [INFO] - [login] 'rleehom@sina.cn' 登陆成功! {com.glacier.spider.login.LoginCN.login(LoginCN.java:79)}
2014-12-18 21:59:36 [INFO] - [解析] 正在获取用户微博... {com.glacier.spider.crawler.pageprocessor.SearchPageProcessor.getSearchList(SearchPageProcessor.java:25)}
2014-12-18 21:59:36 [INFO] - [解析] 正在获取第 1 页 / 100 页 {com.glacier.spider.crawler.pageprocessor.SearchPageProcessor.getSearchList(SearchPageProcessor.java:36)}
2014-12-18 21:59:36 [INFO] - [解析] 当前页解析得到 11 条微博 {com.glacier.spider.crawler.pageprocessor.SearchPageProcessor.getSearchList(SearchPageProcessor.java:38)}
2014-12-18 21:59:36 [INFO] - [解析] 正在获取第 2 页 / 100 页 {com.glacier.spider.crawler.pageprocessor.SearchPageProcessor.getSearchList(SearchPageProcessor.java:36)}
2014-12-18 21:59:36 [INFO] - [解析] 当前页解析得到 10 条微博 {com.glacier.spider.crawler.pageprocessor.SearchPageProcessor.getSearchList(SearchPageProcessor.java:38)}
2014-12-18 21:59:37 [INFO] - [解析] 正在获取第 3 页 / 100 页 {com.glacier.spider.crawler.pageprocessor.SearchPageProcessor.getSearchList(SearchPageProcessor.java:36)}
2014-12-18 21:59:37 [INFO] - [解析] 当前页解析得到 10 条微博 {com.glacier.spider.crawler.pageprocessor.SearchPageProcessor.getSearchList(SearchPageProcessor.java:38)}
2014-12-18 22:01:39 [INFO] - [Login] '1498781360@qq.com' 正在登陆... {com.glacier.spider.login.LoginCN.login(LoginCN.java:39)}
2014-12-18 22:01:41 [INFO] - [login] '1498781360@qq.com' 登陆成功! {com.glacier.spider.login.LoginCN.login(LoginCN.java:79)}
2014-12-18 22:01:42 [INFO] - [解析] 正在获取用户微博... {com.glacier.spider.crawler.pageprocessor.SearchPageProcessor.getSearchList(SearchPageProcessor.java:25)}
2014-12-18 22:01:42 [INFO] - [解析] 正在获取第 1 页 / 100 页 {com.glacier.spider.crawler.pageprocessor.SearchPageProcessor.getSearchList(SearchPageProcessor.java:36)}
2014-12-18 22:01:42 [INFO] - [解析] 当前页解析得到 11 条微博 {com.glacier.spider.crawler.pageprocessor.SearchPageProcessor.getSearchList(SearchPageProcessor.java:38)}
2014-12-18 22:01:42 [INFO] - [解析] 正在获取第 2 页 / 100 页 {com.glacier.spider.crawler.pageprocessor.SearchPageProcessor.getSearchList(SearchPageProcessor.java:36)}
2014-12-18 22:01:42 [INFO] - [解析] 当前页解析得到 10 条微博 {com.glacier.spider.crawler.pageprocessor.SearchPageProcessor.getSearchList(SearchPageProcessor.java:38)}
2014-12-18 22:17:58 [INFO] - [Login] '2726492626@qq.com' 正在登陆... {com.glacier.spider.login.LoginCN.login(LoginCN.java:39)}
2014-12-18 22:18:05 [INFO] - [login] '2726492626@qq.com' 登陆成功! {com.glacier.spider.login.LoginCN.login(LoginCN.java:79)}
2014-12-18 22:18:06 [WARN] - Cookie rejected: "[version: 0][name: U_TRS1][value: 00000042.e7083e7d.5492e229.d9699e19][domain: .sina.com.cn][path: /][expiry: Sun Dec 15 22:18:17 CST 2024]". Illegal domain attribute "sina.com.cn". Domain of origin: "huati.weibo.cn" {org.apache.http.client.protocol.ResponseProcessCookies.processCookies(ResponseProcessCookies.java:127)}
2014-12-18 22:18:06 [WARN] - Cookie rejected: "[version: 0][name: U_TRS2][value: 00000042.e71e3e7d.5492e229.04303300][domain: .sina.com.cn][path: /][expiry: null]". Illegal domain attribute "sina.com.cn". Domain of origin: "huati.weibo.cn" {org.apache.http.client.protocol.ResponseProcessCookies.processCookies(ResponseProcessCookies.java:127)}
2014-12-18 22:19:34 [INFO] - [Login] '1825682313@qq.com' 正在登陆... {com.glacier.spider.login.LoginCN.login(LoginCN.java:39)}
2014-12-18 22:19:35 [INFO] - [login] '1825682313@qq.com' 登陆成功! {com.glacier.spider.login.LoginCN.login(LoginCN.java:79)}
2014-12-18 22:19:36 [WARN] - Cookie rejected: "[version: 0][name: U_TRS1][value: 00000042.e52248f0.5492e283.ff41fbbb][domain: .sina.com.cn][path: /][expiry: Sun Dec 15 22:19:47 CST 2024]". Illegal domain attribute "sina.com.cn". Domain of origin: "huati.weibo.cn" {org.apache.http.client.protocol.ResponseProcessCookies.processCookies(ResponseProcessCookies.java:127)}
2014-12-18 22:19:36 [WARN] - Cookie rejected: "[version: 0][name: U_TRS2][value: 00000042.e52c48f0.5492e283.8488e9d6][domain: .sina.com.cn][path: /][expiry: null]". Illegal domain attribute "sina.com.cn". Domain of origin: "huati.weibo.cn" {org.apache.http.client.protocol.ResponseProcessCookies.processCookies(ResponseProcessCookies.java:127)}
2014-12-18 22:21:02 [INFO] - [Login] 'xy_lr_92@126.com' 正在登陆... {com.glacier.spider.login.LoginCN.login(LoginCN.java:39)}
2014-12-18 22:21:04 [INFO] - [login] 'xy_lr_92@126.com' 登陆成功! {com.glacier.spider.login.LoginCN.login(LoginCN.java:79)}
2014-12-18 22:21:05 [WARN] - Cookie rejected: "[version: 0][name: U_TRS1][value: 00000042.535c4dcf.5492e2dc.65f5cb87][domain: .sina.com.cn][path: /][expiry: Sun Dec 15 22:21:16 CST 2024]". Illegal domain attribute "sina.com.cn". Domain of origin: "huati.weibo.cn" {org.apache.http.client.protocol.ResponseProcessCookies.processCookies(ResponseProcessCookies.java:127)}
2014-12-18 22:21:05 [WARN] - Cookie rejected: "[version: 0][name: U_TRS2][value: 00000042.53664dcf.5492e2dc.c11eb383][domain: .sina.com.cn][path: /][expiry: null]". Illegal domain attribute "sina.com.cn". Domain of origin: "huati.weibo.cn" {org.apache.http.client.protocol.ResponseProcessCookies.processCookies(ResponseProcessCookies.java:127)}
2014-12-18 22:21:45 [INFO] - [Login] 'xylr92@126.com' 正在登陆... {com.glacier.spider.login.LoginCN.login(LoginCN.java:39)}
2014-12-18 22:21:47 [INFO] - [login] 'xylr92@126.com' 登陆成功! {com.glacier.spider.login.LoginCN.login(LoginCN.java:79)}
2014-12-18 22:21:47 [WARN] - Cookie rejected: "[version: 0][name: U_TRS1][value: 00000042.d3881203.5492e306.d036a427][domain: .sina.com.cn][path: /][expiry: Sun Dec 15 22:21:58 CST 2024]". Illegal domain attribute "sina.com.cn". Domain of origin: "huati.weibo.cn" {org.apache.http.client.protocol.ResponseProcessCookies.processCookies(ResponseProcessCookies.java:127)}
2014-12-18 22:21:47 [WARN] - Cookie rejected: "[version: 0][name: U_TRS2][value: 00000042.d3931203.5492e306.ed8c0f1f][domain: .sina.com.cn][path: /][expiry: null]". Illegal domain attribute "sina.com.cn". Domain of origin: "huati.weibo.cn" {org.apache.http.client.protocol.ResponseProcessCookies.processCookies(ResponseProcessCookies.java:127)}
2014-12-18 22:29:14 [INFO] - [Login] '18092794430' 正在登陆... {com.glacier.spider.login.LoginCN.login(LoginCN.java:39)}
2014-12-18 22:29:17 [INFO] - [login] '18092794430' 登陆成功! {com.glacier.spider.login.LoginCN.login(LoginCN.java:79)}
2014-12-18 22:29:17 [WARN] - Cookie rejected: "[version: 0][name: U_TRS1][value: 00000042.43db64a2.5492e4c9.94433f81][domain: .sina.com.cn][path: /][expiry: Sun Dec 15 22:29:29 CST 2024]". Illegal domain attribute "sina.com.cn". Domain of origin: "huati.weibo.cn" {org.apache.http.client.protocol.ResponseProcessCookies.processCookies(ResponseProcessCookies.java:127)}
2014-12-18 22:29:17 [WARN] - Cookie rejected: "[version: 0][name: U_TRS2][value: 00000042.43e564a2.5492e4c9.1f2b35a9][domain: .sina.com.cn][path: /][expiry: null]". Illegal domain attribute "sina.com.cn". Domain of origin: "huati.weibo.cn" {org.apache.http.client.protocol.ResponseProcessCookies.processCookies(ResponseProcessCookies.java:127)}
2014-12-18 22:30:14 [INFO] - [Login] '13289212979' 正在登陆... {com.glacier.spider.login.LoginCN.login(LoginCN.java:39)}
2014-12-18 22:30:26 [INFO] - [Login] '421186071rlx@sina.com' 正在登陆... {com.glacier.spider.login.LoginCN.login(LoginCN.java:39)}
2014-12-18 22:30:28 [INFO] - [login] '421186071rlx@sina.com' 登陆成功! {com.glacier.spider.login.LoginCN.login(LoginCN.java:79)}
2014-12-18 22:30:28 [WARN] - Cookie rejected: "[version: 0][name: U_TRS1][value: 00000042.a140698b.5492e50f.c2f1619a][domain: .sina.com.cn][path: /][expiry: Sun Dec 15 22:30:39 CST 2024]". Illegal domain attribute "sina.com.cn". Domain of origin: "huati.weibo.cn" {org.apache.http.client.protocol.ResponseProcessCookies.processCookies(ResponseProcessCookies.java:127)}
2014-12-18 22:30:28 [WARN] - Cookie rejected: "[version: 0][name: U_TRS2][value: 00000042.a14b698b.5492e50f.d14dfd30][domain: .sina.com.cn][path: /][expiry: null]". Illegal domain attribute "sina.com.cn". Domain of origin: "huati.weibo.cn" {org.apache.http.client.protocol.ResponseProcessCookies.processCookies(ResponseProcessCookies.java:127)}
2014-12-18 22:33:10 [INFO] - [Login] 'rlx421186071@sina.com' 正在登陆... {com.glacier.spider.login.LoginCN.login(LoginCN.java:39)}
2014-12-18 22:33:13 [INFO] - [login] 'rlx421186071@sina.com' 登陆成功! {com.glacier.spider.login.LoginCN.login(LoginCN.java:79)}
2014-12-18 22:33:13 [WARN] - Cookie rejected: "[version: 0][name: U_TRS1][value: 00000042.1da23d89.5492e5b4.f81fb8d0][domain: .sina.com.cn][path: /][expiry: Sun Dec 15 22:33:24 CST 2024]". Illegal domain attribute "sina.com.cn". Domain of origin: "huati.weibo.cn" {org.apache.http.client.protocol.ResponseProcessCookies.processCookies(ResponseProcessCookies.java:127)}
2014-12-18 22:33:13 [WARN] - Cookie rejected: "[version: 0][name: U_TRS2][value: 00000042.1dac3d89.5492e5b4.f657d1c4][domain: .sina.com.cn][path: /][expiry: null]". Illegal domain attribute "sina.com.cn". Domain of origin: "huati.weibo.cn" {org.apache.http.client.protocol.ResponseProcessCookies.processCookies(ResponseProcessCookies.java:127)}
2014-12-18 22:33:24 [INFO] - [Login] '421186071rlx@sina.cn' 正在登陆... {com.glacier.spider.login.LoginCN.login(LoginCN.java:39)}
2014-12-18 22:33:27 [ERROR] - java.net.SocketTimeoutException: Read timed out
	at java.net.SocketInputStream.socketRead0(Native Method)
	at java.net.SocketInputStream.read(SocketInputStream.java:152)
	at java.net.SocketInputStream.read(SocketInputStream.java:122)
	at java.io.BufferedInputStream.fill(BufferedInputStream.java:235)
	at java.io.BufferedInputStream.read1(BufferedInputStream.java:275)
	at java.io.BufferedInputStream.read(BufferedInputStream.java:334)
	at sun.net.www.http.HttpClient.parseHTTPHeader(HttpClient.java:687)
	at sun.net.www.http.HttpClient.parseHTTP(HttpClient.java:633)
	at sun.net.www.protocol.http.HttpURLConnection.getInputStream(HttpURLConnection.java:1323)
	at java.net.HttpURLConnection.getResponseCode(HttpURLConnection.java:468)
	at org.jsoup.helper.HttpConnection$Response.execute(HttpConnection.java:429)
	at org.jsoup.helper.HttpConnection$Response.execute(HttpConnection.java:410)
	at org.jsoup.helper.HttpConnection.execute(HttpConnection.java:164)
	at org.jsoup.helper.HttpConnection.get(HttpConnection.java:153)
	at com.glacier.spider.login.LoginCN.login(LoginCN.java:40)
	at com.glacier.spider.login.LoginCN.login(LoginCN.java:34)
	at com.glacier.spider.crawler.Crawler.start(Crawler.java:26)
	at com.glacier.spider.Weibo.main(Weibo.java:16)
	at sun.reflect.NativeMethodAccessorImpl.invoke0(Native Method)
	at sun.reflect.NativeMethodAccessorImpl.invoke(NativeMethodAccessorImpl.java:57)
	at sun.reflect.DelegatingMethodAccessorImpl.invoke(DelegatingMethodAccessorImpl.java:43)
	at java.lang.reflect.Method.invoke(Method.java:606)
	at com.intellij.rt.execution.application.AppMain.main(AppMain.java:134)
 {com.glacier.spider.login.LoginCN.login(LoginCN.java:92)}
2014-12-18 22:33:27 [ERROR] - java.lang.NullPointerException
	at com.glacier.spider.crawler.downloader.Downloader.document(Downloader.java:62)
	at com.glacier.spider.crawler.downloader.Downloader.topicDocument(Downloader.java:122)
	at com.glacier.spider.crawler.Crawler.start(Crawler.java:29)
	at com.glacier.spider.Weibo.main(Weibo.java:16)
	at sun.reflect.NativeMethodAccessorImpl.invoke0(Native Method)
	at sun.reflect.NativeMethodAccessorImpl.invoke(NativeMethodAccessorImpl.java:57)
	at sun.reflect.DelegatingMethodAccessorImpl.invoke(DelegatingMethodAccessorImpl.java:43)
	at java.lang.reflect.Method.invoke(Method.java:606)
	at com.intellij.rt.execution.application.AppMain.main(AppMain.java:134)
 {com.glacier.spider.crawler.downloader.Downloader.document(Downloader.java:93)}
2014-12-18 22:33:48 [INFO] - [Login] 'rrenlixiang@163.com' 正在登陆... {com.glacier.spider.login.LoginCN.login(LoginCN.java:39)}
2014-12-18 22:33:55 [INFO] - [login] 'rrenlixiang@163.com' 登陆成功! {com.glacier.spider.login.LoginCN.login(LoginCN.java:79)}
2014-12-18 22:33:55 [WARN] - Cookie rejected: "[version: 0][name: U_TRS1][value: 00000042.fd6a4474.5492e5df.ed3fbec9][domain: .sina.com.cn][path: /][expiry: Sun Dec 15 22:34:07 CST 2024]". Illegal domain attribute "sina.com.cn". Domain of origin: "huati.weibo.cn" {org.apache.http.client.protocol.ResponseProcessCookies.processCookies(ResponseProcessCookies.java:127)}
2014-12-18 22:33:55 [WARN] - Cookie rejected: "[version: 0][name: U_TRS2][value: 00000042.fd754474.5492e5df.9b9e649c][domain: .sina.com.cn][path: /][expiry: null]". Illegal domain attribute "sina.com.cn". Domain of origin: "huati.weibo.cn" {org.apache.http.client.protocol.ResponseProcessCookies.processCookies(ResponseProcessCookies.java:127)}
2014-12-18 22:37:15 [INFO] - [Login] 'rrenlixiang@sina.com' 正在登陆... {com.glacier.spider.login.LoginCN.login(LoginCN.java:39)}
2014-12-18 22:37:17 [INFO] - [login] 'rrenlixiang@sina.com' 登陆成功! {com.glacier.spider.login.LoginCN.login(LoginCN.java:79)}
2014-12-18 22:37:18 [WARN] - Cookie rejected: "[version: 0][name: SUB][value: deleted][domain: .weibo.com][path: /][expiry: Thu Jan 01 08:00:01 CST 1970]". Illegal domain attribute "weibo.com". Domain of origin: "huati.weibo.cn" {org.apache.http.client.protocol.ResponseProcessCookies.processCookies(ResponseProcessCookies.java:127)}
2014-12-18 22:38:00 [INFO] - [Login] 'rlx421186071@163.com' 正在登陆... {com.glacier.spider.login.LoginCN.login(LoginCN.java:39)}
2014-12-18 22:38:02 [INFO] - [login] 'rlx421186071@163.com' 登陆成功! {com.glacier.spider.login.LoginCN.login(LoginCN.java:79)}
2014-12-18 22:38:03 [WARN] - Cookie rejected: "[version: 0][name: SUB][value: deleted][domain: .weibo.com][path: /][expiry: Thu Jan 01 08:00:01 CST 1970]". Illegal domain attribute "weibo.com". Domain of origin: "huati.weibo.cn" {org.apache.http.client.protocol.ResponseProcessCookies.processCookies(ResponseProcessCookies.java:127)}
